#Build: Fabric Compiler 2022.1, Build 99559, Jul 12 00:20 2022
#Install: D:\pango\PDS_2022.1\bin
#Application name: pds_shell.exe
#OS: Windows 10 10.0.17763
#Hostname: DESKTOP-AN3SH4R
Generated by Fabric Compiler (version 2022.1 build 99559) at Tue Nov 14 12:27:08 2023
Compiling verification operator library.
Compiling common defs.
Loading technology operator library.
Compiling technology operator library.
Compiling technology operator (valence) library.
Compiling operator packing rules.
Compiling prim grid devices.
Compiling gate devices.
Compiling gate operators.
Compiling tech operator impls.
Building architecture model.
Loading device packaging model.
Reading design from translate DB.
C: SDC-2025: Clock source 'n:u_ov5640_dri/u_i2c_dr/dri_clk' need a clock constraint, please use 'create_clock' or 'create_generate_clock' to generate.
Flattening design 'top'
Device mapping started.
Optimizing circuit logic.
I: Const net (pin CEM of inst rgb_to_ycbcr_m0/N7) has been disconnected.
I: Const net (pin CEM of inst rgb_to_ycbcr_m0/N29) has been disconnected.
I: Const net (pin CEM of inst canny_top1/u_VIP_RGB888_YCbCr444/N13) has been disconnected.
I: Const net (pin CEM of inst canny_top1/u_VIP_RGB888_YCbCr444/N27) has been disconnected.
I: Const net (pin CEM of inst canny_top1/u_VIP_RGB888_YCbCr444/N41) has been disconnected.
I: Const net (pin RSTX of inst photoshop1/Contrast_Prj1/constrast_ipcore/N5_m1) has been disconnected.
I: Const net (pin RSTX of inst photoshop1/Contrast_Prj1/constrast_ipcore/N5_m2) has been disconnected.
I: Const net (pin RSTX of inst photoshop1/Contrast_Prj1/constrast_ipcore/N10_m1) has been disconnected.
I: Const net (pin RSTX of inst photoshop1/Contrast_Prj1/constrast_ipcore/N10_m2) has been disconnected.
I: Const net (pin RSTX of inst photoshop1/Contrast_Prj1/constrast_ipcore/N15_m1) has been disconnected.
I: Const net (pin RSTX of inst photoshop1/Contrast_Prj1/constrast_ipcore/N15_m2) has been disconnected.
I: Const net (pin CEY of inst canny_top1/u_canny_edge_detect_top/u_canny_get_grandient/u_cordic_sqrt/N214) has been disconnected.
W: Public-4008: Instance 'u_ms72xx_ctl/ms7200_ctl/freq_rec[0]' of 'GTP_DFF_RE' unit is dangling and will be cleaned.
W: Public-4008: Instance 'u_ms72xx_ctl/ms7200_ctl/freq_rec[1]' of 'GTP_DFF_RE' unit is dangling and will be cleaned.
W: Public-4008: Instance 'u_ms72xx_ctl/ms7200_ctl/freq_rec_1d[0]' of 'GTP_DFF' unit is dangling and will be cleaned.
W: Public-4008: Instance 'u_ms72xx_ctl/ms7200_ctl/freq_rec_1d[1]' of 'GTP_DFF' unit is dangling and will be cleaned.
W: Public-4008: Instance 'u_ms72xx_ctl/ms7200_ctl/freq_rec_1d[2]' of 'GTP_DFF' unit is dangling and will be cleaned.
W: Public-4008: Instance 'u_ms72xx_ctl/ms7200_ctl/freq_rec_1d[3]' of 'GTP_DFF' unit is dangling and will be cleaned.
W: Public-4008: Instance 'u_ms72xx_ctl/ms7200_ctl/freq_rec_1d[4]' of 'GTP_DFF' unit is dangling and will be cleaned.
W: Public-4008: Instance 'u_ms72xx_ctl/ms7200_ctl/freq_rec_1d[5]' of 'GTP_DFF' unit is dangling and will be cleaned.
W: Public-4008: Instance 'u_ms72xx_ctl/ms7200_ctl/freq_rec_1d[6]' of 'GTP_DFF' unit is dangling and will be cleaned.
W: Public-4008: Instance 'u_ms72xx_ctl/ms7200_ctl/freq_rec_1d[7]' of 'GTP_DFF' unit is dangling and will be cleaned.
W: Public-4008: Instance 'u_ms72xx_ctl/ms7200_ctl/freq_rec_1d[8]' of 'GTP_DFF' unit is dangling and will be cleaned.
W: Public-4008: Instance 'u_ms72xx_ctl/ms7200_ctl/freq_rec_1d[9]' of 'GTP_DFF' unit is dangling and will be cleaned.
W: Public-4008: Instance 'u_ms72xx_ctl/ms7200_ctl/freq_rec_1d[10]' of 'GTP_DFF' unit is dangling and will be cleaned.
W: Public-4008: Instance 'u_ms72xx_ctl/ms7200_ctl/freq_rec_1d[11]' of 'GTP_DFF' unit is dangling and will be cleaned.
W: Public-4008: Instance 'u_ms72xx_ctl/ms7200_ctl/freq_rec_1d[12]' of 'GTP_DFF' unit is dangling and will be cleaned.
W: Public-4008: Instance 'u_ms72xx_ctl/ms7200_ctl/freq_rec_1d[13]' of 'GTP_DFF' unit is dangling and will be cleaned.
W: Public-4008: Instance 'u_ms72xx_ctl/ms7200_ctl/freq_rec_1d[14]' of 'GTP_DFF' unit is dangling and will be cleaned.
W: Public-4008: Instance 'u_ms72xx_ctl/ms7200_ctl/freq_rec_1d[15]' of 'GTP_DFF' unit is dangling and will be cleaned.
W: Public-4008: Instance 'u_ms72xx_ctl/ms7200_ctl/freq_rec_1d[18]' of 'GTP_DFF' unit is dangling and will be cleaned.
W: Public-4008: Instance 'u_ms72xx_ctl/ms7200_ctl/freq_rec_1d[19]' of 'GTP_DFF' unit is dangling and will be cleaned.
W: Public-4008: Instance 'u_ms72xx_ctl/ms7200_ctl/freq_rec_1d[20]' of 'GTP_DFF' unit is dangling and will be cleaned.
W: Public-4008: Instance 'u_ms72xx_ctl/ms7200_ctl/freq_rec_1d[21]' of 'GTP_DFF' unit is dangling and will be cleaned.
W: Public-4008: Instance 'u_ms72xx_ctl/ms7200_ctl/freq_rec_1d[22]' of 'GTP_DFF' unit is dangling and will be cleaned.
W: Public-4008: Instance 'u_ms72xx_ctl/ms7200_ctl/freq_rec_1d[23]' of 'GTP_DFF' unit is dangling and will be cleaned.
W: Public-4008: Instance 'u_ms72xx_ctl/ms7200_ctl/freq_rec_1d[24]' of 'GTP_DFF' unit is dangling and will be cleaned.
W: Public-4008: Instance 'u_ms72xx_ctl/ms7200_ctl/freq_rec_1d[25]' of 'GTP_DFF' unit is dangling and will be cleaned.
W: Public-4008: Instance 'u_ms72xx_ctl/ms7200_ctl/freq_rec_1d[26]' of 'GTP_DFF' unit is dangling and will be cleaned.
W: Public-4008: Instance 'u_ms72xx_ctl/ms7200_ctl/freq_rec_1d[27]' of 'GTP_DFF' unit is dangling and will be cleaned.
W: Public-4008: Instance 'u_ms72xx_ctl/ms7200_ctl/freq_rec_1d[28]' of 'GTP_DFF' unit is dangling and will be cleaned.
W: Public-4008: Instance 'u_ms72xx_ctl/ms7200_ctl/freq_rec_1d[29]' of 'GTP_DFF' unit is dangling and will be cleaned.
W: Public-4008: Instance 'u_ms72xx_ctl/ms7200_ctl/freq_rec_1d[30]' of 'GTP_DFF' unit is dangling and will be cleaned.
W: Public-4008: Instance 'u_ms72xx_ctl/ms7200_ctl/freq_rec_1d[31]' of 'GTP_DFF' unit is dangling and will be cleaned.
W: Public-4008: Instance 'u_ms72xx_ctl/ms7200_ctl/freq_rec[2]' of 'GTP_DFF_RE' unit is dangling and will be cleaned.
W: Public-4008: Instance 'u_ms72xx_ctl/ms7200_ctl/freq_rec_2d[0]' of 'GTP_DFF_E' unit is dangling and will be cleaned.
W: Public-4008: Instance 'u_ms72xx_ctl/ms7200_ctl/freq_rec_2d[1]' of 'GTP_DFF_E' unit is dangling and will be cleaned.
W: Public-4008: Instance 'u_ms72xx_ctl/ms7200_ctl/freq_rec_2d[2]' of 'GTP_DFF_E' unit is dangling and will be cleaned.
W: Public-4008: Instance 'u_ms72xx_ctl/ms7200_ctl/freq_rec_2d[3]' of 'GTP_DFF_E' unit is dangling and will be cleaned.
W: Public-4008: Instance 'u_ms72xx_ctl/ms7200_ctl/freq_rec_2d[4]' of 'GTP_DFF_E' unit is dangling and will be cleaned.
W: Public-4008: Instance 'u_ms72xx_ctl/ms7200_ctl/freq_rec_2d[5]' of 'GTP_DFF_E' unit is dangling and will be cleaned.
W: Public-4008: Instance 'u_ms72xx_ctl/ms7200_ctl/freq_rec_2d[6]' of 'GTP_DFF_E' unit is dangling and will be cleaned.
W: Public-4008: Instance 'u_ms72xx_ctl/ms7200_ctl/freq_rec_2d[7]' of 'GTP_DFF_E' unit is dangling and will be cleaned.
W: Public-4008: Instance 'u_ms72xx_ctl/ms7200_ctl/freq_rec_2d[8]' of 'GTP_DFF_E' unit is dangling and will be cleaned.
W: Public-4008: Instance 'u_ms72xx_ctl/ms7200_ctl/freq_rec_2d[9]' of 'GTP_DFF_E' unit is dangling and will be cleaned.
W: Public-4008: Instance 'u_ms72xx_ctl/ms7200_ctl/freq_rec_2d[10]' of 'GTP_DFF_E' unit is dangling and will be cleaned.
W: Public-4008: Instance 'u_ms72xx_ctl/ms7200_ctl/freq_rec_2d[11]' of 'GTP_DFF_E' unit is dangling and will be cleaned.
W: Public-4008: Instance 'u_ms72xx_ctl/ms7200_ctl/freq_rec_2d[12]' of 'GTP_DFF_E' unit is dangling and will be cleaned.
W: Public-4008: Instance 'u_ms72xx_ctl/ms7200_ctl/freq_rec_2d[13]' of 'GTP_DFF_E' unit is dangling and will be cleaned.
W: Public-4008: Instance 'u_ms72xx_ctl/ms7200_ctl/freq_rec_2d[14]' of 'GTP_DFF_E' unit is dangling and will be cleaned.
W: Public-4008: Instance 'u_ms72xx_ctl/ms7200_ctl/freq_rec_2d[15]' of 'GTP_DFF_E' unit is dangling and will be cleaned.
W: Public-4008: Instance 'u_ms72xx_ctl/ms7200_ctl/freq_rec_2d[18]' of 'GTP_DFF_E' unit is dangling and will be cleaned.
W: Public-4008: Instance 'u_ms72xx_ctl/ms7200_ctl/freq_rec_2d[19]' of 'GTP_DFF_E' unit is dangling and will be cleaned.
W: Public-4008: Instance 'u_ms72xx_ctl/ms7200_ctl/freq_rec_2d[20]' of 'GTP_DFF_E' unit is dangling and will be cleaned.
W: Public-4008: Instance 'u_ms72xx_ctl/ms7200_ctl/freq_rec_2d[21]' of 'GTP_DFF_E' unit is dangling and will be cleaned.
W: Public-4008: Instance 'u_ms72xx_ctl/ms7200_ctl/freq_rec_2d[22]' of 'GTP_DFF_E' unit is dangling and will be cleaned.
W: Public-4008: Instance 'u_ms72xx_ctl/ms7200_ctl/freq_rec_2d[23]' of 'GTP_DFF_E' unit is dangling and will be cleaned.
W: Public-4008: Instance 'u_ms72xx_ctl/ms7200_ctl/freq_rec_2d[24]' of 'GTP_DFF_E' unit is dangling and will be cleaned.
W: Public-4008: Instance 'u_ms72xx_ctl/ms7200_ctl/freq_rec_2d[25]' of 'GTP_DFF_E' unit is dangling and will be cleaned.
W: Public-4008: Instance 'u_ms72xx_ctl/ms7200_ctl/freq_rec_2d[26]' of 'GTP_DFF_E' unit is dangling and will be cleaned.
W: Public-4008: Instance 'u_ms72xx_ctl/ms7200_ctl/freq_rec_2d[27]' of 'GTP_DFF_E' unit is dangling and will be cleaned.
W: Public-4008: Instance 'u_ms72xx_ctl/ms7200_ctl/freq_rec_2d[28]' of 'GTP_DFF_E' unit is dangling and will be cleaned.
W: Public-4008: Instance 'u_ms72xx_ctl/ms7200_ctl/freq_rec_2d[29]' of 'GTP_DFF_E' unit is dangling and will be cleaned.
W: Public-4008: Instance 'u_ms72xx_ctl/ms7200_ctl/freq_rec_2d[30]' of 'GTP_DFF_E' unit is dangling and will be cleaned.
W: Public-4008: Instance 'u_ms72xx_ctl/ms7200_ctl/freq_rec_2d[31]' of 'GTP_DFF_E' unit is dangling and will be cleaned.
W: Public-4008: Instance 'u_ms72xx_ctl/ms7200_ctl/freq_rec[3]' of 'GTP_DFF_RE' unit is dangling and will be cleaned.
W: Public-4008: Instance 'u_ms72xx_ctl/ms7200_ctl/freq_rec[4]' of 'GTP_DFF_RE' unit is dangling and will be cleaned.
W: Public-4008: Instance 'u_ms72xx_ctl/ms7200_ctl/freq_rec[5]' of 'GTP_DFF_RE' unit is dangling and will be cleaned.
W: Public-4008: Instance 'u_ms72xx_ctl/ms7200_ctl/freq_rec[6]' of 'GTP_DFF_RE' unit is dangling and will be cleaned.
W: Public-4008: Instance 'u_ms72xx_ctl/ms7200_ctl/freq_rec[7]' of 'GTP_DFF_RE' unit is dangling and will be cleaned.
W: Public-4008: Instance 'u_ms72xx_ctl/ms7200_ctl/freq_rec[8]' of 'GTP_DFF_RE' unit is dangling and will be cleaned.
W: Public-4008: Instance 'u_ms72xx_ctl/ms7200_ctl/freq_rec[9]' of 'GTP_DFF_RE' unit is dangling and will be cleaned.
W: Public-4008: Instance 'u_ms72xx_ctl/ms7200_ctl/freq_rec[10]' of 'GTP_DFF_RE' unit is dangling and will be cleaned.
W: Public-4008: Instance 'u_ms72xx_ctl/ms7200_ctl/freq_rec[11]' of 'GTP_DFF_RE' unit is dangling and will be cleaned.
W: Public-4008: Instance 'u_ms72xx_ctl/ms7200_ctl/freq_rec[12]' of 'GTP_DFF_RE' unit is dangling and will be cleaned.
W: Public-4008: Instance 'u_ms72xx_ctl/ms7200_ctl/freq_rec[13]' of 'GTP_DFF_RE' unit is dangling and will be cleaned.
W: Public-4008: Instance 'u_ms72xx_ctl/ms7200_ctl/freq_rec[14]' of 'GTP_DFF_RE' unit is dangling and will be cleaned.
W: Public-4008: Instance 'u_ms72xx_ctl/ms7200_ctl/freq_rec[15]' of 'GTP_DFF_RE' unit is dangling and will be cleaned.
W: Public-4008: Instance 'u_ms72xx_ctl/ms7200_ctl/freq_rec[18]' of 'GTP_DFF_RE' unit is dangling and will be cleaned.
W: Public-4008: Instance 'u_ms72xx_ctl/ms7200_ctl/freq_rec[19]' of 'GTP_DFF_RE' unit is dangling and will be cleaned.
W: Public-4008: Instance 'u_ms72xx_ctl/ms7200_ctl/freq_rec[20]' of 'GTP_DFF_RE' unit is dangling and will be cleaned.
W: Public-4008: Instance 'u_ms72xx_ctl/ms7200_ctl/freq_rec[21]' of 'GTP_DFF_RE' unit is dangling and will be cleaned.
W: Public-4008: Instance 'u_ms72xx_ctl/ms7200_ctl/freq_rec[22]' of 'GTP_DFF_RE' unit is dangling and will be cleaned.
W: Public-4008: Instance 'u_ms72xx_ctl/ms7200_ctl/freq_rec[23]' of 'GTP_DFF_RE' unit is dangling and will be cleaned.
W: Public-4008: Instance 'u_ms72xx_ctl/ms7200_ctl/freq_rec[24]' of 'GTP_DFF_RE' unit is dangling and will be cleaned.
W: Public-4008: Instance 'u_ms72xx_ctl/ms7200_ctl/freq_rec[25]' of 'GTP_DFF_RE' unit is dangling and will be cleaned.
W: Public-4008: Instance 'u_ms72xx_ctl/ms7200_ctl/freq_rec[26]' of 'GTP_DFF_RE' unit is dangling and will be cleaned.
W: Public-4008: Instance 'u_ms72xx_ctl/ms7200_ctl/freq_rec[27]' of 'GTP_DFF_RE' unit is dangling and will be cleaned.
W: Public-4008: Instance 'u_ms72xx_ctl/ms7200_ctl/freq_rec[28]' of 'GTP_DFF_RE' unit is dangling and will be cleaned.
W: Public-4008: Instance 'u_ms72xx_ctl/ms7200_ctl/freq_rec[29]' of 'GTP_DFF_RE' unit is dangling and will be cleaned.
W: Public-4008: Instance 'u_ms72xx_ctl/ms7200_ctl/freq_rec[30]' of 'GTP_DFF_RE' unit is dangling and will be cleaned.
W: Public-4008: Instance 'u_ms72xx_ctl/ms7200_ctl/freq_rec[31]' of 'GTP_DFF_RE' unit is dangling and will be cleaned.
Checking design netlist.
Processing tech operator.
I: The instance clkbufg_0(GTP_CLKBUFG) has been inserted on the net ddrphy_clkin in design, driver pin CLKDIVOUT(instance u_ddr3_ip/I_GTP_CLKDIV) -> load pin CLK(instance u_AXI_Interconnect/u_AXI_Arbiter_W/state_0).
I: The instance clkbufg_1(GTP_CLKBUFG) has been inserted on the net nt_pix_clk in design, driver pin CLKOUT2(instance u_pll_clk/u_pll_e3) -> load pin CLK(instance canny_top1/u_VIP_RGB888_YCbCr444/N13).
I: The instance clkbufg_2(GTP_CLKBUFG) has been inserted on the net nt_eth_txc in design, driver pin CLKOUT0(instance eth_udp_loop_inst/u_gmii_to_rgmii/u_rgmii_rx/U_pll_phase_shift/u_pll_e3) -> load pin CLK(instance eth_udp_loop_inst/u_arp/u_arp_rx/arp_rx_done).
I: The instance clkbufg_3(GTP_CLKBUFG) has been inserted on the net clk_10 in design, driver pin CLKOUT0(instance u_pll_clk/u_pll_e3) -> load pin CLK(instance rstn_1ms[0]).
I: The instance clkbufg_4(GTP_CLKBUFG) has been inserted on the net nt_cam_pclk in design, driver pin O(instance cam_pclk_ibuf) -> load pin CLK(instance u_VSDMA0/u_vsdma_control/VSDMA_WRITE_ENABLE.u_fifoin/U_ipml_fifo_fifoin/U_ipml_fifo_ctrl/ASYN_CTRL.asyn_wfull).
I: The instance clkbufg_5(GTP_CLKBUFG) has been inserted on the net nt_sys_clk in design, driver pin O(instance sys_clk_ibuf) -> load pin CLK(instance state_0).
I: The instance clkbufg_6(GTP_CLKBUFG) has been inserted on the net nt_pixclk_in in design, driver pin O(instance pixclk_in_ibuf) -> load pin CLK(instance u_VSDMA2/u_vsdma_control/VSDMA_WRITE_ENABLE.u_fifoin/U_ipml_fifo_fifoin/U_ipml_fifo_ctrl/ASYN_CTRL.asyn_wfull).
C: DeviceMap-2011: The net clk_50 has both clock instance u_ddr3_ip/u_clkbufg(GTP_CLKBUFG) loader and other clock pin loader.
W: DeviceMap-4006: Insert a inst clkgate_7(GTP_IOCLKBUF) before u_ddr3_ip/I_GTP_CLKDIV(GTP_IOCLKDIV).
Converting tech operator to gate operator.
Processing gate operator.
I: Infer CARRY group, base inst: N6_0_1/gateop, insts:13.
I: Infer CARRY group, base inst: N17.lt_0/gateop, insts:7.
I: Infer CARRY group, base inst: N25.lt_0/gateop, insts:7.
I: Infer CARRY group, base inst: N233_0.fsub_2/gateop, insts:14.
I: Infer CARRY group, base inst: N454_4_1/gateop, insts:9.
I: Infer CARRY group, base inst: N456_4_1/gateop, insts:10.
I: Infer CARRY group, base inst: vsdma_addr_4_2/gateop, insts:16.
I: Infer CARRY group, base inst: pattern_vg/N71_1.fsub_1/gateop, insts:6.
I: Infer CARRY group, base inst: pattern_vg/N80_1_1/gateop, insts:10.
I: Infer CARRY group, base inst: u_ddr3_ip/u_ipsxb_ddrc_top/mcdq_dcp_top/mcdq_dcp_buf/A_ipsxb_distributed_fifo/u_ipsxb_distributed_fifo_distributed_fifo_v1_0/u_ipsxb_distributed_fifo_ctr/N2_1/gateop, insts:5.
I: Infer CARRY group, base inst: u_ddr3_ip/u_ipsxb_ddrc_top/mcdq_dcp_top/mcdq_dcp_buf/A_ipsxb_distributed_fifo/u_ipsxb_distributed_fifo_distributed_fifo_v1_0/u_ipsxb_distributed_fifo_ctr/N9_1/gateop, insts:5.
I: Infer CARRY group, base inst: u_ddr3_ip/u_ipsxb_ddrc_top/mcdq_dcp_top/mcdq_dcp_buf/A_ipsxb_distributed_fifo/u_ipsxb_distributed_fifo_distributed_fifo_v1_0/u_ipsxb_distributed_fifo_ctr/N19.lt_0/gateop, insts:3.
I: Infer CARRY group, base inst: u_ddr3_ip/u_ipsxb_ddrc_top/mcdq_dcp_top/mcdq_dcp_buf/A_ipsxb_distributed_fifo/u_ipsxb_distributed_fifo_distributed_fifo_v1_0/u_ipsxb_distributed_fifo_ctr/N24_1.fsub_1/gateop, insts:6.
I: Infer CARRY group, base inst: u_ddr3_ip/u_ipsxb_ddrc_top/mcdq_dcp_top/mcdq_dcp_buf/A_ipsxb_distributed_fifo/u_ipsxb_distributed_fifo_distributed_fifo_v1_0/u_ipsxb_distributed_fifo_ctr/N30.fsub_1/gateop, insts:6.
I: Infer CARRY group, base inst: u_ddr3_ip/u_ipsxb_ddrc_top/mcdq_dcp_top/mcdq_dcp_buf/A_ipsxb_distributed_fifo/u_ipsxb_distributed_fifo_distributed_fifo_v1_0/u_ipsxb_distributed_fifo_ctr/N36.eq_0/gateop, insts:3.
I: Infer CARRY group, base inst: pattern_vg/N635_1.fsub_1/gateop, insts:6.
I: Infer CARRY group, base inst: photoshop1/N9_0_1/gateop, insts:6.
I: Infer CARRY group, base inst: photoshop1/N11_0_1/gateop, insts:6.
I: Infer CARRY group, base inst: rgb_to_ycbcr_m0/N73_1_1/gateop, insts:17.
I: Infer CARRY group, base inst: rgb_to_ycbcr_m0/N96_1_1/gateop, insts:14.
I: Infer CARRY group, base inst: rgb_to_ycbcr_m0/N112_1/gateop, insts:10.
I: Infer CARRY group, base inst: u1/N59_0_1/gateop, insts:19.
I: Infer CARRY group, base inst: u2/N59_0_1/gateop, insts:19.
I: Infer CARRY group, base inst: u3/N59_0_1/gateop, insts:19.
I: Infer CARRY group, base inst: u4/N59_0_1/gateop, insts:19.
I: Infer CARRY group, base inst: u5/N59_0_1/gateop, insts:19.
I: Infer CARRY group, base inst: u6/N59_0_1/gateop, insts:19.
I: Infer CARRY group, base inst: u7/N59_0_1/gateop, insts:19.
I: Infer CARRY group, base inst: u_c_video_scale_960_540/N7_sub0.faddsub_1/gateop, insts:13.
I: Infer CARRY group, base inst: u_c_video_scale_960_540/N7_sub1.faddsub_1/gateop, insts:13.
I: Infer CARRY group, base inst: u_c_video_scale_960_540/N7_sub2.faddsub_1/gateop, insts:13.
I: Infer CARRY group, base inst: u_c_video_scale_960_540/N7_sub3.faddsub_1/gateop, insts:13.
I: Infer CARRY group, base inst: u_c_video_scale_960_540/N7_sub4.faddsub_1/gateop, insts:13.
I: Infer CARRY group, base inst: u_c_video_scale_960_540/N7_sub5.faddsub_1/gateop, insts:13.
I: Infer CARRY group, base inst: u_c_video_scale_960_540/N7_sub6.faddsub_1/gateop, insts:13.
I: Infer CARRY group, base inst: u_c_video_scale_960_540/N7_sub7.faddsub_1/gateop, insts:13.
I: Infer CARRY group, base inst: u_c_video_scale_960_540/N7_sub8.faddsub_1/gateop, insts:13.
I: Infer CARRY group, base inst: u_c_video_scale_960_540/N7_sub9.faddsub_1/gateop, insts:13.
I: Infer CARRY group, base inst: u_c_video_scale_960_540/N7_sub10.faddsub_1/gateop, insts:13.
I: Infer CARRY group, base inst: u_c_video_scale_960_540/N7_sub11.faddsub_1/gateop, insts:13.
I: Infer CARRY group, base inst: u_c_video_scale_960_540/N7_sub12.faddsub_1/gateop, insts:13.
I: Infer CARRY group, base inst: u_c_video_scale_960_540/N7_sub13.faddsub_1/gateop, insts:13.
I: Infer CARRY group, base inst: u_c_video_scale_960_540/N7_sub14.faddsub_1/gateop, insts:13.
I: Infer CARRY group, base inst: u_c_video_scale_960_540/N7_sub15.faddsub_1/gateop, insts:13.
I: Infer CARRY group, base inst: u_c_video_scale_960_540/N7_sub16.faddsub_1/gateop, insts:13.
I: Infer CARRY group, base inst: u_c_video_scale_960_540/N7_sub17.faddsub_1/gateop, insts:13.
I: Infer CARRY group, base inst: u_c_video_scale_960_540/N7_sub18.faddsub_1/gateop, insts:13.
I: Infer CARRY group, base inst: u_c_video_scale_960_540/N7_sub19.faddsub_1/gateop, insts:13.
I: Infer CARRY group, base inst: u_c_video_scale_960_540/N7_sub20.faddsub_1/gateop, insts:13.
I: Infer CARRY group, base inst: u_c_video_scale_960_540/N7_sub21.faddsub_1/gateop, insts:13.
I: Infer CARRY group, base inst: u_c_video_scale_960_540/N7_sub22.faddsub_1/gateop, insts:13.
I: Infer CARRY group, base inst: u_c_video_scale_960_540/N7_sub23.faddsub_1/gateop, insts:13.
I: Infer CARRY group, base inst: u_c_video_scale_960_540/N7_sub24.faddsub_1/gateop, insts:13.
I: Infer CARRY group, base inst: u_c_video_scale_960_540/N7_sub25.faddsub_1/gateop, insts:13.
I: Infer CARRY group, base inst: u_c_video_scale_960_540/N7_sub26.faddsub_1/gateop, insts:13.
I: Infer CARRY group, base inst: u_c_video_scale_960_540/N7_sub27.faddsub_1/gateop, insts:13.
I: Infer CARRY group, base inst: u_c_video_scale_960_540/N7_sub28.faddsub_1/gateop, insts:13.
I: Infer CARRY group, base inst: u_c_video_scale_960_540/N7_sub29.faddsub_1/gateop, insts:13.
I: Infer CARRY group, base inst: u_c_video_scale_960_540/N7_sub30.faddsub_1/gateop, insts:13.
I: Infer CARRY group, base inst: u_c_video_scale_960_540/N7_sub31.faddsub_3/gateop, insts:11.
I: Infer CARRY group, base inst: u_c_video_scale_960_540/N15_sub0.faddsub_2/gateop, insts:12.
I: Infer CARRY group, base inst: u_c_video_scale_960_540/N15_sub1.faddsub_1/gateop, insts:13.
I: Infer CARRY group, base inst: u_c_video_scale_960_540/N15_sub2.faddsub_1/gateop, insts:13.
I: Infer CARRY group, base inst: u_c_video_scale_960_540/N15_sub3.faddsub_1/gateop, insts:13.
I: Infer CARRY group, base inst: u_c_video_scale_960_540/N15_sub4.faddsub_1/gateop, insts:13.
I: Infer CARRY group, base inst: u_c_video_scale_960_540/N15_sub5.faddsub_1/gateop, insts:13.
I: Infer CARRY group, base inst: u_c_video_scale_960_540/N15_sub6.faddsub_1/gateop, insts:13.
I: Infer CARRY group, base inst: u_c_video_scale_960_540/N15_sub7.faddsub_1/gateop, insts:13.
I: Infer CARRY group, base inst: u_c_video_scale_960_540/N15_sub8.faddsub_1/gateop, insts:13.
I: Infer CARRY group, base inst: u_c_video_scale_960_540/N15_sub9.faddsub_1/gateop, insts:13.
I: Infer CARRY group, base inst: u_c_video_scale_960_540/N15_sub10.faddsub_1/gateop, insts:13.
I: Infer CARRY group, base inst: u_c_video_scale_960_540/N15_sub11.faddsub_1/gateop, insts:13.
I: Infer CARRY group, base inst: u_c_video_scale_960_540/N15_sub12.faddsub_1/gateop, insts:13.
I: Infer CARRY group, base inst: u_c_video_scale_960_540/N15_sub13.faddsub_1/gateop, insts:13.
I: Infer CARRY group, base inst: u_c_video_scale_960_540/N15_sub14.faddsub_1/gateop, insts:13.
I: Infer CARRY group, base inst: u_c_video_scale_960_540/N15_sub15.faddsub_1/gateop, insts:13.
I: Infer CARRY group, base inst: u_c_video_scale_960_540/N15_sub16.faddsub_1/gateop, insts:13.
I: Infer CARRY group, base inst: u_c_video_scale_960_540/N15_sub17.faddsub_1/gateop, insts:13.
I: Infer CARRY group, base inst: u_c_video_scale_960_540/N15_sub18.faddsub_1/gateop, insts:13.
I: Infer CARRY group, base inst: u_c_video_scale_960_540/N15_sub19.faddsub_1/gateop, insts:13.
I: Infer CARRY group, base inst: u_c_video_scale_960_540/N15_sub20.faddsub_1/gateop, insts:13.
I: Infer CARRY group, base inst: u_c_video_scale_960_540/N15_sub21.faddsub_1/gateop, insts:13.
I: Infer CARRY group, base inst: u_c_video_scale_960_540/N15_sub22.faddsub_1/gateop, insts:13.
I: Infer CARRY group, base inst: u_c_video_scale_960_540/N15_sub23.faddsub_1/gateop, insts:13.
I: Infer CARRY group, base inst: u_c_video_scale_960_540/N15_sub24.faddsub_1/gateop, insts:13.
I: Infer CARRY group, base inst: u_c_video_scale_960_540/N15_sub25.faddsub_1/gateop, insts:13.
I: Infer CARRY group, base inst: u_c_video_scale_960_540/N15_sub26.faddsub_1/gateop, insts:13.
I: Infer CARRY group, base inst: u_c_video_scale_960_540/N15_sub27.faddsub_1/gateop, insts:13.
I: Infer CARRY group, base inst: u_c_video_scale_960_540/N15_sub28.faddsub_1/gateop, insts:13.
I: Infer CARRY group, base inst: u_c_video_scale_960_540/N15_sub29.faddsub_1/gateop, insts:13.
I: Infer CARRY group, base inst: u_c_video_scale_960_540/N15_sub30.faddsub_1/gateop, insts:13.
I: Infer CARRY group, base inst: u_c_video_scale_960_540/N15_sub31.faddsub_0/gateop, insts:13.
I: Infer CARRY group, base inst: u_c_video_scale_960_540/N36_1_1/gateop, insts:15.
I: Infer CARRY group, base inst: u_c_video_scale_960_540/N40_1_1/gateop, insts:15.
I: Infer CARRY group, base inst: u_c_video_scale_960_540/N63.lt_0/gateop, insts:8.
I: Infer CARRY group, base inst: u_c_video_scale_960_540/N65_1/gateop, insts:32.
I: Infer CARRY group, base inst: u_c_video_scale_960_540/N68.lt_0/gateop, insts:8.
I: Infer CARRY group, base inst: u_c_video_scale_960_540/N70_1/gateop, insts:32.
I: Infer CARRY group, base inst: u_c_video_scale_960_540/N81.eq_0/gateop, insts:8.
I: Infer CARRY group, base inst: u_c_video_scale_960_540/N82.eq_0/gateop, insts:8.
I: Infer CARRY group, base inst: u_video_scale_960_540/N7_sub0.faddsub_1/gateop, insts:13.
I: Infer CARRY group, base inst: u_video_scale_960_540/N7_sub1.faddsub_1/gateop, insts:13.
I: Infer CARRY group, base inst: u_video_scale_960_540/N7_sub2.faddsub_1/gateop, insts:13.
I: Infer CARRY group, base inst: u_video_scale_960_540/N7_sub3.faddsub_1/gateop, insts:13.
I: Infer CARRY group, base inst: u_video_scale_960_540/N7_sub4.faddsub_1/gateop, insts:13.
I: Infer CARRY group, base inst: u_video_scale_960_540/N7_sub5.faddsub_1/gateop, insts:13.
I: Infer CARRY group, base inst: u_video_scale_960_540/N7_sub6.faddsub_1/gateop, insts:13.
I: Infer CARRY group, base inst: u_video_scale_960_540/N7_sub7.faddsub_1/gateop, insts:13.
I: Infer CARRY group, base inst: u_video_scale_960_540/N7_sub8.faddsub_1/gateop, insts:13.
I: Infer CARRY group, base inst: u_video_scale_960_540/N7_sub9.faddsub_1/gateop, insts:13.
I: Infer CARRY group, base inst: u_video_scale_960_540/N7_sub10.faddsub_1/gateop, insts:13.
I: Infer CARRY group, base inst: u_video_scale_960_540/N7_sub11.faddsub_1/gateop, insts:13.
I: Infer CARRY group, base inst: u_video_scale_960_540/N7_sub12.faddsub_1/gateop, insts:13.
I: Infer CARRY group, base inst: u_video_scale_960_540/N7_sub13.faddsub_1/gateop, insts:13.
I: Infer CARRY group, base inst: u_video_scale_960_540/N7_sub14.faddsub_1/gateop, insts:13.
I: Infer CARRY group, base inst: u_video_scale_960_540/N7_sub15.faddsub_1/gateop, insts:13.
I: Infer CARRY group, base inst: u_video_scale_960_540/N7_sub16.faddsub_1/gateop, insts:13.
I: Infer CARRY group, base inst: u_video_scale_960_540/N7_sub17.faddsub_1/gateop, insts:13.
I: Infer CARRY group, base inst: u_video_scale_960_540/N7_sub18.faddsub_1/gateop, insts:13.
I: Infer CARRY group, base inst: u_video_scale_960_540/N7_sub19.faddsub_1/gateop, insts:13.
I: Infer CARRY group, base inst: u_video_scale_960_540/N7_sub20.faddsub_1/gateop, insts:13.
I: Infer CARRY group, base inst: u_video_scale_960_540/N7_sub21.faddsub_1/gateop, insts:13.
I: Infer CARRY group, base inst: u_video_scale_960_540/N7_sub22.faddsub_1/gateop, insts:13.
I: Infer CARRY group, base inst: u_video_scale_960_540/N7_sub23.faddsub_1/gateop, insts:13.
I: Infer CARRY group, base inst: u_video_scale_960_540/N7_sub24.faddsub_1/gateop, insts:13.
I: Infer CARRY group, base inst: u_video_scale_960_540/N7_sub25.faddsub_1/gateop, insts:13.
I: Infer CARRY group, base inst: u_video_scale_960_540/N7_sub26.faddsub_1/gateop, insts:13.
I: Infer CARRY group, base inst: u_video_scale_960_540/N15_sub0.faddsub_2/gateop, insts:12.
I: Infer CARRY group, base inst: u_video_scale_960_540/N15_sub1.faddsub_1/gateop, insts:13.
I: Infer CARRY group, base inst: u_video_scale_960_540/N15_sub2.faddsub_1/gateop, insts:13.
I: Infer CARRY group, base inst: u_video_scale_960_540/N15_sub3.faddsub_1/gateop, insts:13.
I: Infer CARRY group, base inst: u_video_scale_960_540/N15_sub4.faddsub_1/gateop, insts:13.
I: Infer CARRY group, base inst: u_video_scale_960_540/N15_sub5.faddsub_1/gateop, insts:13.
I: Infer CARRY group, base inst: u_video_scale_960_540/N15_sub6.faddsub_1/gateop, insts:13.
I: Infer CARRY group, base inst: u_video_scale_960_540/N15_sub7.faddsub_1/gateop, insts:13.
I: Infer CARRY group, base inst: u_video_scale_960_540/N15_sub8.faddsub_1/gateop, insts:13.
I: Infer CARRY group, base inst: u_video_scale_960_540/N15_sub9.faddsub_1/gateop, insts:13.
I: Infer CARRY group, base inst: u_video_scale_960_540/N15_sub10.faddsub_1/gateop, insts:13.
I: Infer CARRY group, base inst: u_video_scale_960_540/N15_sub11.faddsub_1/gateop, insts:13.
I: Infer CARRY group, base inst: u_video_scale_960_540/N15_sub12.faddsub_1/gateop, insts:13.
I: Infer CARRY group, base inst: u_video_scale_960_540/N15_sub13.faddsub_1/gateop, insts:13.
I: Infer CARRY group, base inst: u_video_scale_960_540/N15_sub14.faddsub_1/gateop, insts:13.
I: Infer CARRY group, base inst: u_video_scale_960_540/N15_sub15.faddsub_1/gateop, insts:13.
I: Infer CARRY group, base inst: u_video_scale_960_540/N15_sub16.faddsub_1/gateop, insts:13.
I: Infer CARRY group, base inst: u_video_scale_960_540/N15_sub17.faddsub_1/gateop, insts:13.
I: Infer CARRY group, base inst: u_video_scale_960_540/N15_sub18.faddsub_1/gateop, insts:13.
I: Infer CARRY group, base inst: u_video_scale_960_540/N15_sub19.faddsub_1/gateop, insts:13.
I: Infer CARRY group, base inst: u_video_scale_960_540/N15_sub20.faddsub_1/gateop, insts:13.
I: Infer CARRY group, base inst: u_video_scale_960_540/N15_sub21.faddsub_1/gateop, insts:13.
I: Infer CARRY group, base inst: u_video_scale_960_540/N15_sub22.faddsub_1/gateop, insts:13.
I: Infer CARRY group, base inst: u_video_scale_960_540/N15_sub23.faddsub_1/gateop, insts:13.
I: Infer CARRY group, base inst: u_video_scale_960_540/N15_sub24.faddsub_1/gateop, insts:13.
I: Infer CARRY group, base inst: u_video_scale_960_540/N15_sub25.faddsub_1/gateop, insts:13.
I: Infer CARRY group, base inst: u_video_scale_960_540/N15_sub26.faddsub_1/gateop, insts:13.
I: Infer CARRY group, base inst: u_video_scale_960_540/N36_1_1/gateop, insts:15.
I: Infer CARRY group, base inst: u_video_scale_960_540/N40_1_1/gateop, insts:15.
I: Infer CARRY group, base inst: u_video_scale_960_540/N63.lt_0/gateop, insts:8.
I: Infer CARRY group, base inst: u_video_scale_960_540/N65_1/gateop, insts:32.
I: Infer CARRY group, base inst: u_video_scale_960_540/N68.lt_0/gateop, insts:8.
I: Infer CARRY group, base inst: u_video_scale_960_540/N70_1/gateop, insts:32.
I: Infer CARRY group, base inst: u_video_scale_960_540/N81.eq_0/gateop, insts:8.
I: Infer CARRY group, base inst: u_video_scale_960_540/N82.eq_0/gateop, insts:8.
I: Infer CARRY group, base inst: u_vtc/N8_1_1/gateop, insts:11.
I: Infer CARRY group, base inst: u_vtc/N24_1_1/gateop, insts:10.
I: Infer CARRY group, base inst: u_vtc/N92_1.fsub_1/gateop, insts:5.
I: Infer CARRY group, base inst: u_vtc/N100_1.fsub_1/gateop, insts:11.
I: Infer CARRY group, base inst: canny_top1/u_VIP_RGB888_YCbCr444/N65_1_1/gateop, insts:16.
I: Infer CARRY group, base inst: canny_top1/u_VIP_RGB888_YCbCr444/N65_2_1/gateop, insts:15.
I: Infer CARRY group, base inst: canny_top1/u_image_gaussian_filter/N23_2_1/gateop, insts:9.
I: Infer CARRY group, base inst: canny_top1/u_image_gaussian_filter/N37_2_0/gateop, insts:11.
I: Infer CARRY group, base inst: canny_top1/u_image_gaussian_filter/N45_2_1/gateop, insts:9.
I: Infer CARRY group, base inst: canny_top1/u_image_gaussian_filter/N51_1_1/gateop, insts:12.
I: Infer CARRY group, base inst: canny_top1/u_image_gaussian_filter/N51_2_1/gateop, insts:11.
I: Infer CARRY group, base inst: canny_top1/u_image_gaussian_filter/N68_1/gateop, insts:9.
I: Infer CARRY group, base inst: canny_top1/u_image_gaussian_filter/N72_1/gateop, insts:9.
I: Infer CARRY group, base inst: photoshop1/key_Module1/N12_1_1/gateop, insts:25.
I: Infer CARRY group, base inst: photoshop1/key_Module1/N22_1_1/gateop, insts:19.
I: Infer CARRY group, base inst: u_VSDMA0/u_vsdma_control/N118_1.fsub_3/gateop, insts:10.
I: Infer CARRY group, base inst: u_VSDMA0/u_vsdma_control/N161_1_1/gateop, insts:7.
I: Infer CARRY group, base inst: u_VSDMA0/u_vsdma_control/N196_1.fsub_1/gateop, insts:12.
I: Infer CARRY group, base inst: u_VSDMA0/u_vsdma_control/N204_1_1/gateop, insts:15.
I: Infer CARRY group, base inst: u_VSDMA0/u_vsdma_control/N217_5_2/gateop, insts:21.
I: Infer CARRY group, base inst: u_VSDMA0/u_vsdma_control/N217_7_0/gateop, insts:21.
I: Infer CARRY group, base inst: u_VSDMA0/u_vsdma_control/N252_1.fsub_1/gateop, insts:7.
I: Infer CARRY group, base inst: u_VSDMA0/u_vsdma_control/N317_1_1/gateop, insts:7.
I: Infer CARRY group, base inst: u_VSDMA0/u_vsdma_control/N356_1_1/gateop, insts:15.
I: Infer CARRY group, base inst: u_VSDMA0/u_vsdma_control/N741_6_0/gateop, insts:16.
I: Infer CARRY group, base inst: u_VSDMA0/u_vsdma_to_axi/N22_1.fsub_1/gateop, insts:7.
I: Infer CARRY group, base inst: u_VSDMA0/u_vsdma_to_axi/N38_1_1/gateop, insts:25.
I: Infer CARRY group, base inst: u_VSDMA0/u_vsdma_to_axi/N86_1_1/gateop, insts:8.
I: Infer CARRY group, base inst: u_VSDMA0/u_vsdma_to_axi/N91.eq_0/gateop, insts:5.
I: Infer CARRY group, base inst: u_VSDMA0/u_vsdma_to_axi/N99_1_1/gateop, insts:15.
I: Infer CARRY group, base inst: u_VSDMA0/u_vsdma_to_axi/N141_1.fsub_1/gateop, insts:7.
I: Infer CARRY group, base inst: u_VSDMA0/u_vsdma_to_axi/N157_1_1/gateop, insts:25.
I: Infer CARRY group, base inst: u_VSDMA0/u_vsdma_to_axi/N205_1_1/gateop, insts:8.
I: Infer CARRY group, base inst: u_VSDMA0/u_vsdma_to_axi/N210.eq_0/gateop, insts:5.
I: Infer CARRY group, base inst: u_VSDMA0/u_vsdma_to_axi/N218_1_1/gateop, insts:15.
I: Infer CARRY group, base inst: u_VSDMA0/u_vsdma_to_axi/N321_3.fsub_0/gateop, insts:17.
I: Infer CARRY group, base inst: u_VSDMA0/u_vsdma_to_axi/N350_3.fsub_1/gateop, insts:16.
I: Infer CARRY group, base inst: u_VSDMA1/u_vsdma_control/N125_1_3/gateop, insts:23.
I: Infer CARRY group, base inst: u_VSDMA1/u_vsdma_control/N161_1_1/gateop, insts:7.
I: Infer CARRY group, base inst: u_VSDMA1/u_vsdma_control/N204_1_1/gateop, insts:15.
I: Infer CARRY group, base inst: u_VSDMA1/u_vsdma_control/N217_5_2/gateop, insts:21.
I: Infer CARRY group, base inst: u_VSDMA1/u_vsdma_control/N217_7_0/gateop, insts:21.
I: Infer CARRY group, base inst: u_VSDMA1/u_vsdma_to_axi/N22_1.fsub_1/gateop, insts:7.
I: Infer CARRY group, base inst: u_VSDMA1/u_vsdma_to_axi/N38_1_1/gateop, insts:25.
I: Infer CARRY group, base inst: u_VSDMA1/u_vsdma_to_axi/N86_1_1/gateop, insts:8.
I: Infer CARRY group, base inst: u_VSDMA1/u_vsdma_to_axi/N91.eq_0/gateop, insts:5.
I: Infer CARRY group, base inst: u_VSDMA1/u_vsdma_to_axi/N99_1_1/gateop, insts:15.
I: Infer CARRY group, base inst: u_VSDMA1/u_vsdma_to_axi/N321_3.fsub_0/gateop, insts:17.
I: Infer CARRY group, base inst: u_VSDMA2/u_vsdma_control/N125_1_2/gateop, insts:17.
I: Infer CARRY group, base inst: u_VSDMA2/u_vsdma_control/N161_1_1/gateop, insts:7.
I: Infer CARRY group, base inst: u_VSDMA2/u_vsdma_control/N204_1_1/gateop, insts:15.
I: Infer CARRY group, base inst: u_VSDMA2/u_vsdma_control/N217_5_2/gateop, insts:21.
I: Infer CARRY group, base inst: u_VSDMA2/u_vsdma_control/N217_7_0/gateop, insts:21.
I: Infer CARRY group, base inst: u_VSDMA2/u_vsdma_to_axi/N22_1.fsub_1/gateop, insts:7.
I: Infer CARRY group, base inst: u_VSDMA2/u_vsdma_to_axi/N38_1_1/gateop, insts:25.
I: Infer CARRY group, base inst: u_VSDMA2/u_vsdma_to_axi/N86_1_1/gateop, insts:8.
I: Infer CARRY group, base inst: u_VSDMA2/u_vsdma_to_axi/N91.eq_0/gateop, insts:5.
I: Infer CARRY group, base inst: u_VSDMA2/u_vsdma_to_axi/N99_1_1/gateop, insts:15.
I: Infer CARRY group, base inst: u_VSDMA2/u_vsdma_to_axi/N321_3.fsub_0/gateop, insts:17.
I: Infer CARRY group, base inst: u_VSDMA3/u_vsdma_control/N125_1_3/gateop, insts:23.
I: Infer CARRY group, base inst: u_VSDMA3/u_vsdma_control/N161_1_1/gateop, insts:7.
I: Infer CARRY group, base inst: u_VSDMA3/u_vsdma_control/N204_1_1/gateop, insts:15.
I: Infer CARRY group, base inst: u_VSDMA3/u_vsdma_control/N217_5_2/gateop, insts:21.
I: Infer CARRY group, base inst: u_VSDMA3/u_vsdma_control/N217_7_0/gateop, insts:21.
I: Infer CARRY group, base inst: u_VSDMA3/u_vsdma_to_axi/N22_1.fsub_1/gateop, insts:7.
I: Infer CARRY group, base inst: u_VSDMA3/u_vsdma_to_axi/N38_1_1/gateop, insts:25.
I: Infer CARRY group, base inst: u_VSDMA3/u_vsdma_to_axi/N86_1_1/gateop, insts:8.
I: Infer CARRY group, base inst: u_VSDMA3/u_vsdma_to_axi/N91.eq_0/gateop, insts:5.
I: Infer CARRY group, base inst: u_VSDMA3/u_vsdma_to_axi/N99_1_1/gateop, insts:15.
I: Infer CARRY group, base inst: u_VSDMA3/u_vsdma_to_axi/N321_3.fsub_0/gateop, insts:17.
I: Infer CARRY group, base inst: u_ms72xx_ctl/iic_dri_rx/N136.lt_0/gateop, insts:2.
I: Infer CARRY group, base inst: u_ms72xx_ctl/iic_dri_tx/N136.lt_0/gateop, insts:2.
I: Infer CARRY group, base inst: u_ms72xx_ctl/ms7200_ctl/N101_1_1/gateop, insts:8.
I: Infer CARRY group, base inst: u_ms72xx_ctl/ms7200_ctl/N224_1_0/gateop, insts:9.
I: Infer CARRY group, base inst: u_ms72xx_ctl/ms7210_ctl/N98_1_1/gateop, insts:21.
I: Infer CARRY group, base inst: u_ms72xx_ctl/ms7210_ctl/N156_1_0/gateop, insts:6.
I: Infer CARRY group, base inst: u_ov5640_dri/u_i2c_cfg/N5_1_1/gateop, insts:12.
I: Infer CARRY group, base inst: u_ov5640_dri/u_i2c_cfg/N10_1_1/gateop, insts:7.
I: Infer CARRY group, base inst: u_ddr3_ip/u_ipsxb_ddrc_top/mcdq_dcp_top/mcdq_dcp_buf/B_ipsxb_distributed_fifo/u_ipsxb_distributed_fifo_distributed_fifo_v1_0/u_ipsxb_distributed_fifo_ctr/N2_1/gateop, insts:5.
I: Infer CARRY group, base inst: u_ddr3_ip/u_ipsxb_ddrc_top/mcdq_dcp_top/mcdq_dcp_buf/B_ipsxb_distributed_fifo/u_ipsxb_distributed_fifo_distributed_fifo_v1_0/u_ipsxb_distributed_fifo_ctr/N9_1/gateop, insts:5.
I: Infer CARRY group, base inst: u_ddr3_ip/u_ipsxb_ddrc_top/mcdq_dcp_top/mcdq_dcp_buf/B_ipsxb_distributed_fifo/u_ipsxb_distributed_fifo_distributed_fifo_v1_0/u_ipsxb_distributed_fifo_ctr/N19.lt_0/gateop, insts:3.
I: Infer CARRY group, base inst: u_ddr3_ip/u_ipsxb_ddrc_top/mcdq_dcp_top/mcdq_dcp_buf/B_ipsxb_distributed_fifo/u_ipsxb_distributed_fifo_distributed_fifo_v1_0/u_ipsxb_distributed_fifo_ctr/N24_1.fsub_1/gateop, insts:6.
I: Infer CARRY group, base inst: u_ddr3_ip/u_ipsxb_ddrc_top/mcdq_dcp_top/mcdq_dcp_buf/B_ipsxb_distributed_fifo/u_ipsxb_distributed_fifo_distributed_fifo_v1_0/u_ipsxb_distributed_fifo_ctr/N30.fsub_1/gateop, insts:6.
I: Infer CARRY group, base inst: u_ddr3_ip/u_ipsxb_ddrc_top/mcdq_dcp_top/mcdq_dcp_buf/B_ipsxb_distributed_fifo/u_ipsxb_distributed_fifo_distributed_fifo_v1_0/u_ipsxb_distributed_fifo_ctr/N36.eq_0/gateop, insts:3.
I: Infer CARRY group, base inst: u_ov5640_dri/u_i2c_dr/N72_1_1/gateop, insts:6.
I: Infer CARRY group, base inst: canny_top1/u_canny_edge_detect_top/u_anny_nonLocalMaxValue/N15.lt_0/gateop, insts:5.
I: Infer CARRY group, base inst: canny_top1/u_canny_edge_detect_top/u_anny_nonLocalMaxValue/N16.lt_0/gateop, insts:5.
I: Infer CARRY group, base inst: canny_top1/u_canny_edge_detect_top/u_anny_nonLocalMaxValue/N23.lt_0/gateop, insts:5.
I: Infer CARRY group, base inst: canny_top1/u_canny_edge_detect_top/u_anny_nonLocalMaxValue/N24.lt_0/gateop, insts:5.
I: Infer CARRY group, base inst: canny_top1/u_canny_edge_detect_top/u_anny_nonLocalMaxValue/N31.lt_0/gateop, insts:5.
I: Infer CARRY group, base inst: canny_top1/u_canny_edge_detect_top/u_anny_nonLocalMaxValue/N32.lt_0/gateop, insts:5.
I: Infer CARRY group, base inst: canny_top1/u_canny_edge_detect_top/u_anny_nonLocalMaxValue/N39.lt_0/gateop, insts:5.
I: Infer CARRY group, base inst: canny_top1/u_canny_edge_detect_top/u_anny_nonLocalMaxValue/N40.lt_0/gateop, insts:5.
I: Infer CARRY group, base inst: canny_top1/u_canny_edge_detect_top/u_canny_get_grandient/N21_2_1/gateop, insts:9.
I: Infer CARRY group, base inst: canny_top1/u_canny_edge_detect_top/u_canny_get_grandient/N28_2_1/gateop, insts:9.
I: Infer CARRY group, base inst: canny_top1/u_canny_edge_detect_top/u_canny_get_grandient/N39_2_1/gateop, insts:9.
I: Infer CARRY group, base inst: canny_top1/u_canny_edge_detect_top/u_canny_get_grandient/N46_2_1/gateop, insts:9.
I: Infer CARRY group, base inst: canny_top1/u_canny_edge_detect_top/u_canny_get_grandient/N52.lt_0/gateop, insts:5.
I: Infer CARRY group, base inst: canny_top1/u_canny_edge_detect_top/u_canny_get_grandient/N66.lt_0/gateop, insts:5.
I: Infer CARRY group, base inst: canny_top1/u_canny_edge_detect_top/u_canny_get_grandient/N155_3.fsub_1/gateop, insts:11.
I: Infer CARRY group, base inst: canny_top1/u_canny_edge_detect_top/u_canny_get_grandient/N156_3.fsub_1/gateop, insts:11.
I: Infer CARRY group, base inst: canny_top1/u_canny_edge_detect_top/u_canny_get_grandient/N171_1/gateop, insts:9.
I: Infer CARRY group, base inst: canny_top1/u_canny_edge_detect_top/u_canny_get_grandient/N176_1/gateop, insts:9.
I: Infer CARRY group, base inst: canny_top1/u_canny_edge_detect_top/u_canny_get_grandient/N181_1/gateop, insts:9.
I: Infer CARRY group, base inst: canny_top1/u_canny_edge_detect_top/u_canny_get_grandient/N186_1/gateop, insts:9.
I: Infer CARRY group, base inst: eth_udp_loop_inst/u_arp/u_arp_tx/N184_1_1/gateop, insts:5.
I: Infer CARRY group, base inst: eth_udp_loop_inst/u_udp/u_udp_rx/N188.eq_0/gateop, insts:3.
I: Infer CARRY group, base inst: eth_udp_loop_inst/u_udp/u_udp_rx/N226_1.fsub_1/gateop, insts:12.
I: Infer CARRY group, base inst: eth_udp_loop_inst/u_udp/u_udp_rx/N245_1_1/gateop, insts:15.
I: Infer CARRY group, base inst: eth_udp_loop_inst/u_udp/u_udp_rx/N249_1.fsub_1/gateop, insts:15.
I: Infer CARRY group, base inst: eth_udp_loop_inst/u_udp/u_udp_rx/N250.eq_0/gateop, insts:8.
I: Infer CARRY group, base inst: eth_udp_loop_inst/u_udp/u_udp_tx/N19_1_1/gateop, insts:13.
I: Infer CARRY group, base inst: eth_udp_loop_inst/u_udp/u_udp_tx/N21_1_1/gateop, insts:12.
I: Infer CARRY group, base inst: eth_udp_loop_inst/u_udp/u_udp_tx/N128_1_1/gateop, insts:15.
I: Infer CARRY group, base inst: u_ddr3_ip/u_ipsxb_ddrc_top/mcdq_wdatapath/ipsxb_distributed_fifo/u_ipsxb_distributed_fifo_distributed_fifo_v1_0/u_ipsxb_distributed_fifo_ctr/N2_1/gateop, insts:5.
I: Infer CARRY group, base inst: eth_udp_loop_inst/u_udp/u_udp_tx/N286_1.fsub_1/gateop, insts:15.
I: Infer CARRY group, base inst: eth_udp_loop_inst/u_udp/u_udp_tx/N287.lt_0/gateop, insts:8.
I: Infer CARRY group, base inst: eth_udp_loop_inst/u_udp/u_udp_tx/N295_1_1/gateop, insts:15.
I: Infer CARRY group, base inst: eth_udp_loop_inst/u_udp/u_udp_tx/N298.eq_0/gateop, insts:8.
I: Infer CARRY group, base inst: eth_udp_loop_inst/u_udp/u_udp_tx/N305_1/gateop, insts:16.
I: Infer CARRY group, base inst: eth_udp_loop_inst/u_udp/u_udp_tx/N308.lt_0/gateop, insts:8.
I: Infer CARRY group, base inst: u_ddr3_ip/u_ipsxb_ddrc_top/mcdq_wdatapath/ipsxb_distributed_fifo/u_ipsxb_distributed_fifo_distributed_fifo_v1_0/u_ipsxb_distributed_fifo_ctr/N9_1/gateop, insts:5.
I: Infer CARRY group, base inst: eth_udp_loop_inst/u_udp/u_udp_tx/N917_5_1/gateop, insts:20.
I: Infer CARRY group, base inst: u_ddr3_ip/u_ipsxb_ddrc_top/mcdq_wdatapath/ipsxb_distributed_fifo/u_ipsxb_distributed_fifo_distributed_fifo_v1_0/u_ipsxb_distributed_fifo_ctr/N36.eq_0/gateop, insts:3.
I: Infer CARRY group, base inst: eth_udp_loop_inst/u_udp/u_udp_tx/N3554_1_1/gateop, insts:8.
I: Infer CARRY group, base inst: eth_udp_loop_inst/u_udp/u_udp_tx/N3560_1_1/gateop, insts:16.
I: Infer CARRY group, base inst: eth_udp_loop_inst/u_udp/u_udp_tx/N3566_1/gateop, insts:17.
I: Infer CARRY group, base inst: eth_udp_loop_inst/u_udp/u_udp_tx/N3569_1/gateop, insts:18.
I: Infer CARRY group, base inst: eth_udp_loop_inst/u_udp/u_udp_tx/N3572_1_1/gateop, insts:16.
I: Infer CARRY group, base inst: eth_udp_loop_inst/u_udp/u_udp_tx/N3575_1/gateop, insts:19.
I: Infer CARRY group, base inst: photoshop1/Contrast_Prj1/constrast_ipcore/N29_1/gateop, insts:32.
I: Infer CARRY group, base inst: photoshop1/Contrast_Prj1/constrast_ipcore/N31_1/gateop, insts:32.
I: Infer CARRY group, base inst: photoshop1/Contrast_Prj1/constrast_ipcore/N33_1/gateop, insts:32.
I: Infer CARRY group, base inst: photoshop1/Contrast_Prj1/constrast_ipcore/N48_4.fsub_1/gateop, insts:7.
I: Infer CARRY group, base inst: photoshop1/Contrast_Prj1/constrast_ipcore/N55.lt_0/gateop, insts:4.
I: Infer CARRY group, base inst: photoshop1/Contrast_Prj1/constrast_ipcore/N58.fsub_0/gateop, insts:10.
I: Infer CARRY group, base inst: photoshop1/Contrast_Prj1/constrast_ipcore/N63_a1_1_1/gateop, insts:44.
I: Infer CARRY group, base inst: photoshop1/Contrast_Prj1/constrast_ipcore/N63_a3_1/gateop, insts:26.
I: Infer CARRY group, base inst: photoshop1/Contrast_Prj1/constrast_ipcore/N63_m4_a1_1/gateop, insts:8.
I: Infer CARRY group, base inst: photoshop1/Contrast_Prj1/constrast_ipcore/N66.fsub_1/gateop, insts:9.
I: Infer CARRY group, base inst: photoshop1/Contrast_Prj1/constrast_ipcore/N71_a1_1_1/gateop, insts:44.
I: Infer CARRY group, base inst: photoshop1/Contrast_Prj1/constrast_ipcore/N71_a3_1/gateop, insts:26.
I: Infer CARRY group, base inst: photoshop1/Contrast_Prj1/constrast_ipcore/N71_m4_a1_1/gateop, insts:8.
I: Infer CARRY group, base inst: photoshop1/Contrast_Prj1/constrast_ipcore/N74.lt_0/gateop, insts:4.
I: Infer CARRY group, base inst: photoshop1/Contrast_Prj1/constrast_ipcore/N77.fsub_0/gateop, insts:10.
I: Infer CARRY group, base inst: photoshop1/Contrast_Prj1/constrast_ipcore/N82_a1_1_1/gateop, insts:44.
I: Infer CARRY group, base inst: photoshop1/Contrast_Prj1/constrast_ipcore/N82_a3_1/gateop, insts:26.
I: Infer CARRY group, base inst: photoshop1/Contrast_Prj1/constrast_ipcore/N82_m4_a1_1/gateop, insts:8.
I: Infer CARRY group, base inst: photoshop1/Contrast_Prj1/constrast_ipcore/N85.fsub_1/gateop, insts:9.
I: Infer CARRY group, base inst: photoshop1/Contrast_Prj1/constrast_ipcore/N90_a1_1_1/gateop, insts:44.
I: Infer CARRY group, base inst: photoshop1/Contrast_Prj1/constrast_ipcore/N90_a3_1/gateop, insts:26.
I: Infer CARRY group, base inst: photoshop1/Contrast_Prj1/constrast_ipcore/N90_m4_a1_1/gateop, insts:8.
I: Infer CARRY group, base inst: photoshop1/Contrast_Prj1/constrast_ipcore/N93.lt_0/gateop, insts:4.
I: Infer CARRY group, base inst: photoshop1/Contrast_Prj1/constrast_ipcore/N96.fsub_0/gateop, insts:10.
I: Infer CARRY group, base inst: photoshop1/Contrast_Prj1/constrast_ipcore/N101_a1_1_1/gateop, insts:44.
I: Infer CARRY group, base inst: photoshop1/Contrast_Prj1/constrast_ipcore/N101_a3_1/gateop, insts:26.
I: Infer CARRY group, base inst: photoshop1/Contrast_Prj1/constrast_ipcore/N101_m4_a1_1/gateop, insts:8.
I: Infer CARRY group, base inst: photoshop1/Contrast_Prj1/constrast_ipcore/N104.fsub_1/gateop, insts:9.
I: Infer CARRY group, base inst: photoshop1/Contrast_Prj1/constrast_ipcore/N109_a1_1_1/gateop, insts:44.
I: Infer CARRY group, base inst: photoshop1/Contrast_Prj1/constrast_ipcore/N109_a3_1/gateop, insts:26.
I: Infer CARRY group, base inst: photoshop1/Contrast_Prj1/constrast_ipcore/N109_m4_a1_1/gateop, insts:8.
I: Infer CARRY group, base inst: photoshop1/Contrast_Prj1/constrast_ipcore/N121_1.fsub_1/gateop, insts:8.
I: Infer CARRY group, base inst: photoshop1/Contrast_Prj1/constrast_ipcore/N197_0/gateop, insts:34.
I: Infer CARRY group, base inst: photoshop1/Contrast_Prj1/constrast_ipcore/N205.lt_0/gateop, insts:12.
I: Infer CARRY group, base inst: photoshop1/Contrast_Prj1/constrast_ipcore/N211.fsub_0/gateop, insts:9.
I: Infer CARRY group, base inst: photoshop1/Contrast_Prj1/constrast_ipcore/N216_0/gateop, insts:34.
I: Infer CARRY group, base inst: photoshop1/Contrast_Prj1/constrast_ipcore/N224.lt_0/gateop, insts:11.
I: Infer CARRY group, base inst: photoshop1/Contrast_Prj1/constrast_ipcore/N230.fsub_0/gateop, insts:9.
I: Infer CARRY group, base inst: photoshop1/Contrast_Prj1/constrast_ipcore/N235_0/gateop, insts:34.
I: Infer CARRY group, base inst: photoshop1/Contrast_Prj1/constrast_ipcore/N243.lt_0/gateop, insts:13.
I: Infer CARRY group, base inst: photoshop1/Contrast_Prj1/constrast_ipcore/N249.fsub_0/gateop, insts:9.
I: Infer CARRY group, base inst: photoshop1/Contrast_Prj1/constrast_ipcore/N255_1_1/gateop, insts:8.
I: Infer CARRY group, base inst: photoshop1/Contrast_Prj1/constrast_ipcore/N260_0/gateop, insts:8.
I: Infer CARRY group, base inst: photoshop1/Contrast_Prj1/constrast_ipcore/N265_1_1/gateop, insts:8.
I: Infer CARRY group, base inst: photoshop1/Contrast_Prj1/constrast_ipcore/N270_0/gateop, insts:8.
I: Infer CARRY group, base inst: photoshop1/Contrast_Prj1/constrast_ipcore/N275_1_1/gateop, insts:8.
I: Infer CARRY group, base inst: photoshop1/Contrast_Prj1/constrast_ipcore/N280_0/gateop, insts:8.
I: Infer CARRY group, base inst: photoshop1/Contrast_Prj1/constrast_ipcore/N283.lt_0/gateop, insts:4.
I: Infer CARRY group, base inst: photoshop1/Contrast_Prj1/constrast_ipcore/N290.fsub_0/gateop, insts:8.
I: Infer CARRY group, base inst: photoshop1/Contrast_Prj1/constrast_ipcore/N293.lt_0/gateop, insts:4.
I: Infer CARRY group, base inst: photoshop1/Contrast_Prj1/constrast_ipcore/N300.fsub_0/gateop, insts:8.
I: Infer CARRY group, base inst: photoshop1/Contrast_Prj1/constrast_ipcore/N303.lt_0/gateop, insts:4.
I: Infer CARRY group, base inst: photoshop1/Contrast_Prj1/constrast_ipcore/N310.fsub_0/gateop, insts:8.
I: Infer CARRY group, base inst: photoshop1/Contrast_Prj1/constrast_ipcore/N440_8_a1_1_1/gateop, insts:46.
I: Infer CARRY group, base inst: photoshop1/Contrast_Prj1/constrast_ipcore/N440_8_a3_1/gateop, insts:28.
I: Infer CARRY group, base inst: photoshop1/Contrast_Prj1/constrast_ipcore/N440_10_a1_1_1/gateop, insts:46.
I: Infer CARRY group, base inst: photoshop1/Contrast_Prj1/constrast_ipcore/N440_10_a2_1/gateop, insts:46.
I: Infer CARRY group, base inst: photoshop1/Contrast_Prj1/constrast_ipcore/N440_10_a3_1/gateop, insts:28.
I: Infer CARRY group, base inst: photoshop1/Contrast_Prj1/constrast_ipcore/N440_10_m3_a1_1_1/gateop, insts:28.
I: Infer CARRY group, base inst: photoshop1/Contrast_Prj1/constrast_ipcore/N474_8_a1_1_1/gateop, insts:46.
I: Infer CARRY group, base inst: photoshop1/Contrast_Prj1/constrast_ipcore/N474_8_a3_1/gateop, insts:28.
I: Infer CARRY group, base inst: photoshop1/Contrast_Prj1/constrast_ipcore/N474_10_a1_1_1/gateop, insts:46.
I: Infer CARRY group, base inst: photoshop1/Contrast_Prj1/constrast_ipcore/N474_10_a2_1/gateop, insts:46.
I: Infer CARRY group, base inst: photoshop1/Contrast_Prj1/constrast_ipcore/N474_10_a3_1/gateop, insts:28.
I: Infer CARRY group, base inst: photoshop1/Contrast_Prj1/constrast_ipcore/N474_10_m3_a1_1_1/gateop, insts:28.
I: Infer CARRY group, base inst: photoshop1/Contrast_Prj1/constrast_ipcore/N508_8_a1_1_1/gateop, insts:46.
I: Infer CARRY group, base inst: photoshop1/Contrast_Prj1/constrast_ipcore/N508_8_a3_1/gateop, insts:28.
I: Infer CARRY group, base inst: photoshop1/Contrast_Prj1/constrast_ipcore/N508_10_a1_1_1/gateop, insts:46.
I: Infer CARRY group, base inst: photoshop1/Contrast_Prj1/constrast_ipcore/N508_10_a2_1/gateop, insts:46.
I: Infer CARRY group, base inst: photoshop1/Contrast_Prj1/constrast_ipcore/N508_10_a3_1/gateop, insts:28.
I: Infer CARRY group, base inst: photoshop1/Contrast_Prj1/constrast_ipcore/N508_10_m3_a1_1_1/gateop, insts:28.
I: Infer CARRY group, base inst: u_ddr3_ip/u_ddrphy_top/ddrphy_info/mc_al_6.fsub_1/gateop, insts:4.
I: Infer CARRY group, base inst: u_ddr3_ip/u_ddrphy_top/ddrphy_info/mc_rl_1/gateop, insts:5.
I: Infer CARRY group, base inst: u_ddr3_ip/u_ddrphy_top/ddrphy_info/mc_wl_0/gateop, insts:6.
I: Infer CARRY group, base inst: u_ddr3_ip/u_ddrphy_top/ddrphy_reset_ctrl/N29_1_1/gateop, insts:7.
I: Infer CARRY group, base inst: u_ddr3_ip/u_ddrphy_top/ddrphy_slice_top/N48_1_0/gateop, insts:8.
I: Infer CARRY group, base inst: u_ddr3_ip/u_ipsxb_ddrc_top/mcdq_ui_axi/N59_1_0/gateop, insts:5.
I: Infer CARRY group, base inst: u_ddr3_ip/u_ipsxb_ddrc_top/mcdq_ui_axi/N69_2_1/gateop, insts:25.
I: Infer CARRY group, base inst: u_ddr3_ip/u_ipsxb_ddrc_top/mcdq_ui_axi/N185.eq_0/gateop, insts:8.
I: Infer CARRY group, base inst: u_ddr3_ip/u_ipsxb_ddrc_top/mcdq_ui_axi/column_addr_end_1_1/gateop, insts:7.
I: Infer CARRY group, base inst: eth_udp_loop_inst/u_sync_fifo_2048x32b/U_ipml_fifo_sync_fifo_2048x32b/U_ipml_fifo_ctrl/N2_1/gateop, insts:12.
I: Infer CARRY group, base inst: eth_udp_loop_inst/u_sync_fifo_2048x32b/U_ipml_fifo_sync_fifo_2048x32b/U_ipml_fifo_ctrl/N11_1/gateop, insts:12.
I: Infer CARRY group, base inst: eth_udp_loop_inst/u_sync_fifo_2048x32b/U_ipml_fifo_sync_fifo_2048x32b/U_ipml_fifo_ctrl/N21.eq_0/gateop, insts:6.
I: Infer CARRY group, base inst: eth_udp_loop_inst/u_sync_fifo_2048x32b/U_ipml_fifo_sync_fifo_2048x32b/U_ipml_fifo_ctrl/N24.eq_0/gateop, insts:6.
I: Infer CARRY group, base inst: u_ddr3_ip/u_ddrphy_top/ddrphy_calib_top/ddrphy_init/N3_1_1/gateop, insts:15.
I: Infer CARRY group, base inst: u_ddr3_ip/u_ddrphy_top/ddrphy_calib_top/ddrphy_init/N23_1_1/gateop, insts:15.
I: Infer CARRY group, base inst: u_ddr3_ip/u_ddrphy_top/ddrphy_calib_top/ddrphy_init/N41_1_1/gateop, insts:7.
I: Infer CARRY group, base inst: u_ddr3_ip/u_ddrphy_top/ddrphy_calib_top/ddrphy_init/N79_1_1/gateop, insts:9.
I: Infer CARRY group, base inst: u_ddr3_ip/u_ddrphy_top/ddrphy_calib_top/ddrphy_wrlvl/N8_1_1/gateop, insts:7.
I: Infer CARRY group, base inst: u_ddr3_ip/u_ddrphy_top/ddrphy_calib_top/rdcal/N33_1_1/gateop, insts:17.
I: Infer CARRY group, base inst: u_ddr3_ip/u_ddrphy_top/ddrphy_reset_ctrl/ddrphy_pll_lock_debounce/N11_1_1/gateop, insts:18.
I: Infer CARRY group, base inst: u_ddr3_ip/u_ipsxb_ddrc_top/mcdq_dcd_top/mcdq_dcd_bm/N37_1_1/gateop, insts:12.
I: Infer CARRY group, base inst: u_ddr3_ip/u_ipsxb_ddrc_top/mcdq_dcd_top/mcdq_dcd_sm/N162_6_0[9:0]_1/gateop, insts:7.
I: Infer CARRY group, base inst: u_ddr3_ip/u_ipsxb_ddrc_top/mcdq_dcp_top/mcdq_dcp_buf/N46_1_1/gateop, insts:6.
I: Infer CARRY group, base inst: canny_top1/u_canny_edge_detect_top/u_canny_get_grandient/u_cordic_sqrt/u_cordic_pipline_0/N20_3_0/gateop, insts:12.
I: Infer CARRY group, base inst: canny_top1/u_canny_edge_detect_top/u_canny_get_grandient/u_cordic_sqrt/u_cordic_pipline_0/N21_3_0/gateop, insts:12.
I: Infer CARRY group, base inst: canny_top1/u_canny_edge_detect_top/u_canny_get_grandient/u_cordic_sqrt/u_cordic_pipline_1/N20_3_0/gateop, insts:12.
I: Infer CARRY group, base inst: canny_top1/u_canny_edge_detect_top/u_canny_get_grandient/u_cordic_sqrt/u_cordic_pipline_1/N21_3_0/gateop, insts:12.
I: Infer CARRY group, base inst: canny_top1/u_canny_edge_detect_top/u_canny_get_grandient/u_cordic_sqrt/u_cordic_pipline_2/N20_3_0/gateop, insts:12.
I: Infer CARRY group, base inst: canny_top1/u_canny_edge_detect_top/u_canny_get_grandient/u_cordic_sqrt/u_cordic_pipline_2/N21_3_0/gateop, insts:12.
I: Infer CARRY group, base inst: canny_top1/u_canny_edge_detect_top/u_canny_get_grandient/u_cordic_sqrt/u_cordic_pipline_2/N24_4_1/gateop, insts:16.
I: Infer CARRY group, base inst: canny_top1/u_canny_edge_detect_top/u_canny_get_grandient/u_cordic_sqrt/u_cordic_pipline_3/N20_3_0/gateop, insts:12.
I: Infer CARRY group, base inst: canny_top1/u_canny_edge_detect_top/u_canny_get_grandient/u_cordic_sqrt/u_cordic_pipline_3/N21_3_0/gateop, insts:12.
I: Infer CARRY group, base inst: canny_top1/u_canny_edge_detect_top/u_canny_get_grandient/u_cordic_sqrt/u_cordic_pipline_3/N24_4_0/gateop, insts:10.
I: Infer CARRY group, base inst: canny_top1/u_canny_edge_detect_top/u_canny_get_grandient/u_cordic_sqrt/u_cordic_pipline_4/N20_3_0/gateop, insts:12.
I: Infer CARRY group, base inst: canny_top1/u_canny_edge_detect_top/u_canny_get_grandient/u_cordic_sqrt/u_cordic_pipline_4/N21_3_0/gateop, insts:12.
I: Infer CARRY group, base inst: canny_top1/u_canny_edge_detect_top/u_canny_get_grandient/u_cordic_sqrt/u_cordic_pipline_4/N24_4_0/gateop, insts:16.
I: Infer CARRY group, base inst: canny_top1/u_canny_edge_detect_top/u_canny_get_grandient/u_cordic_sqrt/u_cordic_pipline_5/N20_3_0/gateop, insts:12.
I: Infer CARRY group, base inst: canny_top1/u_canny_edge_detect_top/u_canny_get_grandient/u_cordic_sqrt/u_cordic_pipline_5/N21_3_0/gateop, insts:12.
I: Infer CARRY group, base inst: canny_top1/u_canny_edge_detect_top/u_canny_get_grandient/u_cordic_sqrt/u_cordic_pipline_5/N24_4_1/gateop, insts:16.
I: Infer CARRY group, base inst: canny_top1/u_canny_edge_detect_top/u_canny_get_grandient/u_cordic_sqrt/u_cordic_pipline_6/N20_3_0/gateop, insts:12.
I: Infer CARRY group, base inst: canny_top1/u_canny_edge_detect_top/u_canny_get_grandient/u_cordic_sqrt/u_cordic_pipline_6/N21_3_0/gateop, insts:12.
I: Infer CARRY group, base inst: canny_top1/u_canny_edge_detect_top/u_canny_get_grandient/u_cordic_sqrt/u_cordic_pipline_6/N24_4_1/gateop, insts:16.
I: Infer CARRY group, base inst: canny_top1/u_canny_edge_detect_top/u_canny_get_grandient/u_cordic_sqrt/u_cordic_pipline_7/N20_3_0/gateop, insts:12.
I: Infer CARRY group, base inst: canny_top1/u_canny_edge_detect_top/u_canny_get_grandient/u_cordic_sqrt/u_cordic_pipline_7/N21_3_0/gateop, insts:12.
I: Infer CARRY group, base inst: canny_top1/u_canny_edge_detect_top/u_canny_get_grandient/u_cordic_sqrt/u_cordic_pipline_7/N24_4_0/gateop, insts:16.
I: Infer CARRY group, base inst: canny_top1/u_canny_edge_detect_top/u_canny_get_grandient/u_cordic_sqrt/u_cordic_pipline_8/N24_4_2/gateop, insts:15.
I: Infer CARRY group, base inst: canny_top1/u_image_gaussian_filter/u_matrix_generate_3x3/u_one_column_ram/u_fifo_ram0/N1928_1_1/gateop, insts:10.
I: Infer CARRY group, base inst: canny_top1/u_image_gaussian_filter/u_matrix_generate_3x3/u_one_column_ram/u_fifo_ram0/N1938_1_1/gateop, insts:10.
I: Infer CARRY group, base inst: u_VSDMA0/u_vsdma_control/VSDMA_READ_ENABLE.u_fifoout/U_ipml_fifo_fifoout/U_ipml_fifo_ctrl/N2_1/gateop, insts:9.
I: Infer CARRY group, base inst: u_VSDMA0/u_vsdma_control/VSDMA_READ_ENABLE.u_fifoout/U_ipml_fifo_fifoout/U_ipml_fifo_ctrl/N84_1/gateop, insts:12.
I: Infer CARRY group, base inst: u_VSDMA0/u_vsdma_control/VSDMA_READ_ENABLE.u_fifoout/U_ipml_fifo_fifoout/U_ipml_fifo_ctrl/N153.eq_0/gateop, insts:4.
I: Infer CARRY group, base inst: u_VSDMA0/u_vsdma_control/VSDMA_READ_ENABLE.u_fifoout/U_ipml_fifo_fifoout/U_ipml_fifo_ctrl/N156.eq_0/gateop, insts:6.
I: Infer CARRY group, base inst: u_VSDMA0/u_vsdma_control/VSDMA_READ_ENABLE.u_fifoout/U_ipml_fifo_fifoout/U_ipml_fifo_ctrl/N278_5.fsub_1/gateop, insts:9.
I: Infer CARRY group, base inst: u_VSDMA0/u_vsdma_control/VSDMA_WRITE_ENABLE.u_fifoin/U_ipml_fifo_fifoin/U_ipml_fifo_ctrl/N2_1/gateop, insts:11.
I: Infer CARRY group, base inst: u_VSDMA0/u_vsdma_control/VSDMA_WRITE_ENABLE.u_fifoin/U_ipml_fifo_fifoin/U_ipml_fifo_ctrl/N64_1/gateop, insts:8.
I: Infer CARRY group, base inst: u_VSDMA0/u_vsdma_control/VSDMA_WRITE_ENABLE.u_fifoin/U_ipml_fifo_fifoin/U_ipml_fifo_ctrl/N143.eq_0/gateop, insts:5.
I: Infer CARRY group, base inst: u_VSDMA0/u_vsdma_control/VSDMA_WRITE_ENABLE.u_fifoin/U_ipml_fifo_fifoin/U_ipml_fifo_ctrl/N146.eq_0/gateop, insts:4.
I: Infer CARRY group, base inst: u_VSDMA0/u_vsdma_control/VSDMA_WRITE_ENABLE.u_fifoin/U_ipml_fifo_fifoin/U_ipml_fifo_ctrl/N304_5.fsub_1/gateop, insts:8.
I: Infer CARRY group, base inst: u_VSDMA1/u_vsdma_control/VSDMA_WRITE_ENABLE.u_fifoin/U_ipml_fifo_fifoin/U_ipml_fifo_ctrl/N2_1/gateop, insts:11.
I: Infer CARRY group, base inst: u_VSDMA1/u_vsdma_control/VSDMA_WRITE_ENABLE.u_fifoin/U_ipml_fifo_fifoin/U_ipml_fifo_ctrl/N64_1/gateop, insts:8.
I: Infer CARRY group, base inst: u_VSDMA1/u_vsdma_control/VSDMA_WRITE_ENABLE.u_fifoin/U_ipml_fifo_fifoin/U_ipml_fifo_ctrl/N143.eq_0/gateop, insts:5.
I: Infer CARRY group, base inst: u_VSDMA1/u_vsdma_control/VSDMA_WRITE_ENABLE.u_fifoin/U_ipml_fifo_fifoin/U_ipml_fifo_ctrl/N146.eq_0/gateop, insts:4.
I: Infer CARRY group, base inst: u_VSDMA1/u_vsdma_control/VSDMA_WRITE_ENABLE.u_fifoin/U_ipml_fifo_fifoin/U_ipml_fifo_ctrl/N304_5.fsub_1/gateop, insts:8.
I: Infer CARRY group, base inst: u_VSDMA2/u_vsdma_control/VSDMA_WRITE_ENABLE.u_fifoin/U_ipml_fifo_fifoin/U_ipml_fifo_ctrl/N2_1/gateop, insts:11.
I: Infer CARRY group, base inst: u_VSDMA2/u_vsdma_control/VSDMA_WRITE_ENABLE.u_fifoin/U_ipml_fifo_fifoin/U_ipml_fifo_ctrl/N64_1/gateop, insts:8.
I: Infer CARRY group, base inst: u_VSDMA2/u_vsdma_control/VSDMA_WRITE_ENABLE.u_fifoin/U_ipml_fifo_fifoin/U_ipml_fifo_ctrl/N143.eq_0/gateop, insts:5.
I: Infer CARRY group, base inst: u_VSDMA2/u_vsdma_control/VSDMA_WRITE_ENABLE.u_fifoin/U_ipml_fifo_fifoin/U_ipml_fifo_ctrl/N146.eq_0/gateop, insts:4.
I: Infer CARRY group, base inst: u_VSDMA2/u_vsdma_control/VSDMA_WRITE_ENABLE.u_fifoin/U_ipml_fifo_fifoin/U_ipml_fifo_ctrl/N304_5.fsub_1/gateop, insts:8.
I: Infer CARRY group, base inst: u_VSDMA3/u_vsdma_control/VSDMA_WRITE_ENABLE.u_fifoin/U_ipml_fifo_fifoin/U_ipml_fifo_ctrl/N2_1/gateop, insts:11.
I: Infer CARRY group, base inst: u_VSDMA3/u_vsdma_control/VSDMA_WRITE_ENABLE.u_fifoin/U_ipml_fifo_fifoin/U_ipml_fifo_ctrl/N64_1/gateop, insts:8.
I: Infer CARRY group, base inst: u_VSDMA3/u_vsdma_control/VSDMA_WRITE_ENABLE.u_fifoin/U_ipml_fifo_fifoin/U_ipml_fifo_ctrl/N143.eq_0/gateop, insts:5.
I: Infer CARRY group, base inst: u_VSDMA3/u_vsdma_control/VSDMA_WRITE_ENABLE.u_fifoin/U_ipml_fifo_fifoin/U_ipml_fifo_ctrl/N146.eq_0/gateop, insts:4.
I: Infer CARRY group, base inst: u_VSDMA3/u_vsdma_control/VSDMA_WRITE_ENABLE.u_fifoin/U_ipml_fifo_fifoin/U_ipml_fifo_ctrl/N304_5.fsub_1/gateop, insts:8.
I: Infer CARRY group, base inst: u_ddr3_ip/u_ddrphy_top/ddrphy_slice_top/i_dqs_group[0].u_ddrphy_data_slice/data_slice_wrlvl/N102_1_0/gateop, insts:8.
I: Infer CARRY group, base inst: u_ddr3_ip/u_ddrphy_top/ddrphy_slice_top/i_dqs_group[0].u_ddrphy_data_slice/data_slice_wrlvl/N104_1_1/gateop, insts:7.
I: Infer CARRY group, base inst: u_ddr3_ip/u_ddrphy_top/ddrphy_slice_top/i_dqs_group[0].u_ddrphy_data_slice/data_slice_wrlvl/N201_1_1/gateop, insts:7.
I: Infer CARRY group, base inst: u_ddr3_ip/u_ddrphy_top/ddrphy_slice_top/i_dqs_group[0].u_ddrphy_data_slice/dqsi_rdel_cal/N28_1.fsub_1/gateop, insts:6.
I: Infer CARRY group, base inst: u_ddr3_ip/u_ddrphy_top/ddrphy_slice_top/i_dqs_group[0].u_ddrphy_data_slice/dqsi_rdel_cal/N33_1_1/gateop, insts:7.
I: Infer CARRY group, base inst: u_ddr3_ip/u_ddrphy_top/ddrphy_slice_top/i_dqs_group[0].u_ddrphy_data_slice/dqsi_rdel_cal/N43_1.fsub_1/gateop, insts:7.
I: Infer CARRY group, base inst: u_ddr3_ip/u_ddrphy_top/ddrphy_slice_top/i_dqs_group[0].u_ddrphy_data_slice/dqsi_rdel_cal/N53.eq_0/gateop, insts:4.
I: Infer CARRY group, base inst: u_ddr3_ip/u_ddrphy_top/ddrphy_slice_top/i_dqs_group[0].u_ddrphy_data_slice/dqsi_rdel_cal/N85_1/gateop, insts:8.
I: Infer CARRY group, base inst: u_ddr3_ip/u_ddrphy_top/ddrphy_slice_top/i_dqs_group[0].u_ddrphy_data_slice/dqsi_rdel_cal/N104_1_1/gateop, insts:9.
I: Infer CARRY group, base inst: u_ddr3_ip/u_ddrphy_top/ddrphy_slice_top/i_dqs_group[0].u_ddrphy_data_slice/dqsi_rdel_cal/N108.eq_0/gateop, insts:5.
I: Infer CARRY group, base inst: u_ddr3_ip/u_ddrphy_top/ddrphy_slice_top/i_dqs_group[0].u_ddrphy_data_slice/dqsi_rdel_cal/N167.eq_0/gateop, insts:5.
I: Infer CARRY group, base inst: u_ddr3_ip/u_ddrphy_top/ddrphy_slice_top/i_dqs_group[0].u_ddrphy_data_slice/dqsi_rdel_cal/N264_1_0/gateop, insts:8.
I: Infer CARRY group, base inst: u_ddr3_ip/u_ddrphy_top/ddrphy_slice_top/i_dqs_group[0].u_ddrphy_data_slice/dqsi_rdel_cal/N280_1_0/gateop, insts:8.
I: Infer CARRY group, base inst: u_ddr3_ip/u_ddrphy_top/ddrphy_slice_top/i_dqs_group[0].u_ddrphy_data_slice/dqsi_rdel_cal/N285_1_1/gateop, insts:9.
I: Infer CARRY group, base inst: u_ddr3_ip/u_ddrphy_top/ddrphy_slice_top/i_dqs_group[1].u_ddrphy_data_slice/data_slice_wrlvl/N102_1_0/gateop, insts:8.
I: Infer CARRY group, base inst: u_ddr3_ip/u_ddrphy_top/ddrphy_slice_top/i_dqs_group[1].u_ddrphy_data_slice/data_slice_wrlvl/N104_1_1/gateop, insts:7.
I: Infer CARRY group, base inst: u_ddr3_ip/u_ddrphy_top/ddrphy_slice_top/i_dqs_group[1].u_ddrphy_data_slice/data_slice_wrlvl/N201_1_1/gateop, insts:7.
I: Infer CARRY group, base inst: u_ddr3_ip/u_ddrphy_top/ddrphy_slice_top/i_dqs_group[1].u_ddrphy_data_slice/dqsi_rdel_cal/N28_1.fsub_1/gateop, insts:6.
I: Infer CARRY group, base inst: u_ddr3_ip/u_ddrphy_top/ddrphy_slice_top/i_dqs_group[1].u_ddrphy_data_slice/dqsi_rdel_cal/N33_1_1/gateop, insts:7.
I: Infer CARRY group, base inst: u_ddr3_ip/u_ddrphy_top/ddrphy_slice_top/i_dqs_group[1].u_ddrphy_data_slice/dqsi_rdel_cal/N43_1.fsub_1/gateop, insts:7.
I: Infer CARRY group, base inst: u_ddr3_ip/u_ddrphy_top/ddrphy_slice_top/i_dqs_group[1].u_ddrphy_data_slice/dqsi_rdel_cal/N53.eq_0/gateop, insts:4.
I: Infer CARRY group, base inst: u_ddr3_ip/u_ddrphy_top/ddrphy_slice_top/i_dqs_group[1].u_ddrphy_data_slice/dqsi_rdel_cal/N85_1/gateop, insts:8.
I: Infer CARRY group, base inst: u_ddr3_ip/u_ddrphy_top/ddrphy_slice_top/i_dqs_group[1].u_ddrphy_data_slice/dqsi_rdel_cal/N104_1_1/gateop, insts:9.
I: Infer CARRY group, base inst: u_ddr3_ip/u_ddrphy_top/ddrphy_slice_top/i_dqs_group[1].u_ddrphy_data_slice/dqsi_rdel_cal/N108.eq_0/gateop, insts:5.
I: Infer CARRY group, base inst: u_ddr3_ip/u_ddrphy_top/ddrphy_slice_top/i_dqs_group[1].u_ddrphy_data_slice/dqsi_rdel_cal/N167.eq_0/gateop, insts:5.
I: Infer CARRY group, base inst: u_ddr3_ip/u_ddrphy_top/ddrphy_slice_top/i_dqs_group[1].u_ddrphy_data_slice/dqsi_rdel_cal/N264_1_0/gateop, insts:8.
I: Infer CARRY group, base inst: u_ddr3_ip/u_ddrphy_top/ddrphy_slice_top/i_dqs_group[1].u_ddrphy_data_slice/dqsi_rdel_cal/N280_1_0/gateop, insts:8.
I: Infer CARRY group, base inst: u_ddr3_ip/u_ddrphy_top/ddrphy_slice_top/i_dqs_group[1].u_ddrphy_data_slice/dqsi_rdel_cal/N285_1_1/gateop, insts:9.
I: Infer CARRY group, base inst: u_ddr3_ip/u_ddrphy_top/ddrphy_slice_top/i_dqs_group[2].u_ddrphy_data_slice/data_slice_wrlvl/N102_1_0/gateop, insts:8.
I: Infer CARRY group, base inst: u_ddr3_ip/u_ddrphy_top/ddrphy_slice_top/i_dqs_group[2].u_ddrphy_data_slice/data_slice_wrlvl/N104_1_1/gateop, insts:7.
I: Infer CARRY group, base inst: u_ddr3_ip/u_ddrphy_top/ddrphy_slice_top/i_dqs_group[2].u_ddrphy_data_slice/data_slice_wrlvl/N201_1_1/gateop, insts:7.
I: Infer CARRY group, base inst: u_ddr3_ip/u_ddrphy_top/ddrphy_slice_top/i_dqs_group[2].u_ddrphy_data_slice/dqsi_rdel_cal/N85_1/gateop, insts:8.
I: Infer CARRY group, base inst: u_ddr3_ip/u_ddrphy_top/ddrphy_slice_top/i_dqs_group[2].u_ddrphy_data_slice/dqsi_rdel_cal/N104_1_1/gateop, insts:9.
I: Infer CARRY group, base inst: u_ddr3_ip/u_ddrphy_top/ddrphy_slice_top/i_dqs_group[2].u_ddrphy_data_slice/dqsi_rdel_cal/N108.eq_0/gateop, insts:5.
I: Infer CARRY group, base inst: u_ddr3_ip/u_ddrphy_top/ddrphy_slice_top/i_dqs_group[2].u_ddrphy_data_slice/dqsi_rdel_cal/N167.eq_0/gateop, insts:5.
I: Infer CARRY group, base inst: u_ddr3_ip/u_ddrphy_top/ddrphy_slice_top/i_dqs_group[2].u_ddrphy_data_slice/dqsi_rdel_cal/N264_1_0/gateop, insts:8.
I: Infer CARRY group, base inst: u_ddr3_ip/u_ddrphy_top/ddrphy_slice_top/i_dqs_group[2].u_ddrphy_data_slice/dqsi_rdel_cal/N280_1_0/gateop, insts:8.
I: Infer CARRY group, base inst: u_ddr3_ip/u_ddrphy_top/ddrphy_slice_top/i_dqs_group[2].u_ddrphy_data_slice/dqsi_rdel_cal/N285_1_1/gateop, insts:9.
I: Infer CARRY group, base inst: u_ddr3_ip/u_ddrphy_top/ddrphy_slice_top/i_dqs_group[3].u_ddrphy_data_slice/data_slice_wrlvl/N102_1_0/gateop, insts:8.
I: Infer CARRY group, base inst: u_ddr3_ip/u_ddrphy_top/ddrphy_slice_top/i_dqs_group[3].u_ddrphy_data_slice/data_slice_wrlvl/N104_1_1/gateop, insts:7.
I: Infer CARRY group, base inst: u_ddr3_ip/u_ddrphy_top/ddrphy_slice_top/i_dqs_group[3].u_ddrphy_data_slice/data_slice_wrlvl/N201_1_1/gateop, insts:7.
I: Infer CARRY group, base inst: u_ddr3_ip/u_ddrphy_top/ddrphy_slice_top/i_dqs_group[3].u_ddrphy_data_slice/dqsi_rdel_cal/N85_1/gateop, insts:8.
I: Infer CARRY group, base inst: u_ddr3_ip/u_ddrphy_top/ddrphy_slice_top/i_dqs_group[3].u_ddrphy_data_slice/dqsi_rdel_cal/N104_1_1/gateop, insts:9.
I: Infer CARRY group, base inst: u_ddr3_ip/u_ddrphy_top/ddrphy_slice_top/i_dqs_group[3].u_ddrphy_data_slice/dqsi_rdel_cal/N108.eq_0/gateop, insts:5.
I: Infer CARRY group, base inst: u_ddr3_ip/u_ddrphy_top/ddrphy_slice_top/i_dqs_group[3].u_ddrphy_data_slice/dqsi_rdel_cal/N167.eq_0/gateop, insts:5.
I: Infer CARRY group, base inst: u_ddr3_ip/u_ddrphy_top/ddrphy_slice_top/i_dqs_group[3].u_ddrphy_data_slice/dqsi_rdel_cal/N264_1_0/gateop, insts:8.
I: Infer CARRY group, base inst: u_ddr3_ip/u_ddrphy_top/ddrphy_slice_top/i_dqs_group[3].u_ddrphy_data_slice/dqsi_rdel_cal/N280_1_0/gateop, insts:8.
I: Infer CARRY group, base inst: u_ddr3_ip/u_ddrphy_top/ddrphy_slice_top/i_dqs_group[3].u_ddrphy_data_slice/dqsi_rdel_cal/N285_1_1/gateop, insts:9.
I: Infer CARRY group, base inst: u_ddr3_ip/u_ipsxb_ddrc_top/mcdq_dcp_top/mcdq_dcp_back_ctrl/timing_act_pass/N31.lt_0/gateop, insts:4.
I: Infer CARRY group, base inst: u_ddr3_ip/u_ipsxb_ddrc_top/mcdq_dcp_top/mcdq_dcp_back_ctrl/timing_ref_pass/N27.lt_1/gateop, insts:3.
I: Infer CARRY group, base inst: canny_top1/u_canny_edge_detect_top/u_anny_nonLocalMaxValue/u_matrix_generate_3x3/u_one_column_ram/u_fifo_ram0/N1928_1_1/gateop, insts:10.
I: Infer CARRY group, base inst: canny_top1/u_canny_edge_detect_top/u_anny_nonLocalMaxValue/u_matrix_generate_3x3/u_one_column_ram/u_fifo_ram0/N1938_1_1/gateop, insts:10.
I: Infer CARRY group, base inst: canny_top1/u_canny_edge_detect_top/u_anny_nonLocalMaxValue/u_matrix_generate_3x3/u_one_column_ram/u_fifo_ram1/N1928_1_1/gateop, insts:10.
I: Infer CARRY group, base inst: canny_top1/u_canny_edge_detect_top/u_anny_nonLocalMaxValue/u_matrix_generate_3x3/u_one_column_ram/u_fifo_ram1/N1938_1_1/gateop, insts:10.
I: Infer CARRY group, base inst: canny_top1/u_canny_edge_detect_top/u_canny_doubleThreshold/u_matrix_generate_3x3/u_one_column_ram/u_fifo_ram0/N1928_1_1/gateop, insts:10.
I: Infer CARRY group, base inst: canny_top1/u_canny_edge_detect_top/u_canny_doubleThreshold/u_matrix_generate_3x3/u_one_column_ram/u_fifo_ram0/N1938_1_1/gateop, insts:10.
I: Infer CARRY group, base inst: canny_top1/u_canny_edge_detect_top/u_canny_doubleThreshold/u_matrix_generate_3x3/u_one_column_ram/u_fifo_ram1/N1928_1_1/gateop, insts:10.
I: Infer CARRY group, base inst: canny_top1/u_canny_edge_detect_top/u_canny_doubleThreshold/u_matrix_generate_3x3/u_one_column_ram/u_fifo_ram1/N1938_1_1/gateop, insts:10.
I: Infer CARRY group, base inst: canny_top1/u_canny_edge_detect_top/u_canny_get_grandient/u_matrix_generate_3x3/u_one_column_ram/u_fifo_ram0/N1928_1_1/gateop, insts:10.
I: Infer CARRY group, base inst: canny_top1/u_canny_edge_detect_top/u_canny_get_grandient/u_matrix_generate_3x3/u_one_column_ram/u_fifo_ram0/N1938_1_1/gateop, insts:10.
I: Infer CARRY group, base inst: canny_top1/u_canny_edge_detect_top/u_canny_get_grandient/u_matrix_generate_3x3/u_one_column_ram/u_fifo_ram1/N1928_1_1/gateop, insts:10.
I: Infer CARRY group, base inst: canny_top1/u_canny_edge_detect_top/u_canny_get_grandient/u_matrix_generate_3x3/u_one_column_ram/u_fifo_ram1/N1938_1_1/gateop, insts:10.
I: Infer CARRY group, base inst: u_ddr3_ip/u_ddrphy_top/ddrphy_slice_top/i_dqs_group[0].u_ddrphy_data_slice/data_slice_dqs_gate_cal/gatecal/N81_1_0/gateop, insts:6.
I: Infer CARRY group, base inst: u_ddr3_ip/u_ddrphy_top/ddrphy_slice_top/i_dqs_group[0].u_ddrphy_data_slice/data_slice_dqs_gate_cal/gatecal/N389_8.fsub_1/gateop, insts:5.
I: Infer CARRY group, base inst: u_ddr3_ip/u_ddrphy_top/ddrphy_slice_top/i_dqs_group[1].u_ddrphy_data_slice/data_slice_dqs_gate_cal/gatecal/N81_1_0/gateop, insts:6.
I: Infer CARRY group, base inst: u_ddr3_ip/u_ddrphy_top/ddrphy_slice_top/i_dqs_group[1].u_ddrphy_data_slice/data_slice_dqs_gate_cal/gatecal/N389_8.fsub_1/gateop, insts:5.
I: Infer CARRY group, base inst: u_ddr3_ip/u_ddrphy_top/ddrphy_slice_top/i_dqs_group[2].u_ddrphy_data_slice/data_slice_dqs_gate_cal/gatecal/N81_1_0/gateop, insts:6.
I: Infer CARRY group, base inst: u_ddr3_ip/u_ddrphy_top/ddrphy_slice_top/i_dqs_group[2].u_ddrphy_data_slice/data_slice_dqs_gate_cal/gatecal/N389_8.fsub_1/gateop, insts:5.
I: Infer CARRY group, base inst: u_ddr3_ip/u_ddrphy_top/ddrphy_slice_top/i_dqs_group[3].u_ddrphy_data_slice/data_slice_dqs_gate_cal/gatecal/N81_1_0/gateop, insts:6.
I: Infer CARRY group, base inst: u_ddr3_ip/u_ddrphy_top/ddrphy_slice_top/i_dqs_group[3].u_ddrphy_data_slice/data_slice_dqs_gate_cal/gatecal/N389_8.fsub_1/gateop, insts:5.
I: Infer CARRY group, base inst: photoshop1/Contrast_Prj1/constrast_ipcore/N5_m1/gopapm, insts:2.
I: Infer CARRY group, base inst: photoshop1/Contrast_Prj1/constrast_ipcore/N10_m1/gopapm, insts:2.
I: Infer CARRY group, base inst: photoshop1/Contrast_Prj1/constrast_ipcore/N15_m1/gopapm, insts:2.
I: Infer CARRY group, base inst: photoshop1/Contrast_Prj1/constrast_ipcore/N440_8_m4_m1/gopapm, insts:2.
I: Infer CARRY group, base inst: photoshop1/Contrast_Prj1/constrast_ipcore/N474_8_m4_m1/gopapm, insts:2.
I: Infer CARRY group, base inst: photoshop1/Contrast_Prj1/constrast_ipcore/N508_8_m4_m1/gopapm, insts:2.
Device mapping done.
Total device mapping takes 4.16 sec.

Device Utilization Summary:
+-------------------------------------------------------------------------+
| Logic Utilization     | Used      | Available     | Utilization(%)     
+-------------------------------------------------------------------------+
| APM                   | 78.5      | 84            | 94                 
| IOCKDLY               | 0         | 40            | 0                  
| FF                    | 8432      | 64200         | 14                 
| LUT                   | 13842     | 42800         | 33                 
| Distributed RAM       | 74        | 17000         | 1                  
| DLL                   | 1         | 10            | 10                 
| DQSL                  | 8         | 18            | 45                 
| DRM                   | 37.5      | 134           | 28                 
| FUSECODE              | 0         | 1             | 0                  
| IO                    | 170       | 296           | 58                 
| IOCKDIV               | 1         | 20            | 5                  
| IOCKGATE              | 4         | 20            | 20                 
| IPAL                  | 0         | 1             | 0                  
| PLL                   | 4         | 5             | 80                 
| RCKB                  | 0         | 24            | 0                  
| SCANCHAIN             | 0         | 2             | 0                  
| START                 | 0         | 1             | 0                  
| USCM                  | 9         | 30            | 30                 
| HSST                  | 0         | 1             | 0                  
| OSC                   | 0         | 1             | 0                  
| CRYSTAL               | 0         | 2             | 0                  
| RESCAL                | 0         | 4             | 0                  
| UDID                  | 0         | 1             | 0                  
| PCIE                  | 0         | 1             | 0                  
+-------------------------------------------------------------------------+

Design 'top' has been successfully mapped to architecture-specific objects.
Saving design to DB.
W: Public-4010: Pcf file D:/pango_projection/ziguang/device_map/top.pcf has been covered.
Action dev_map: Real time elapsed is 0h:0m:14s
Action dev_map: CPU time elapsed is 0h:0m:12s
Action dev_map: Process CPU time elapsed is 0h:0m:12s
Current time: Tue Nov 14 12:27:20 2023
Action dev_map: Peak memory pool usage is 506 MB
