#Build: Fabric Compiler 2022.1, Build 99559, Jul 12 00:20 2022
#Install: D:\pango\PDS_2022.1\bin
#Application name: pds_shell.exe
#OS: Windows 10 10.0.17763
#Hostname: DESKTOP-AN3SH4R
Generated by Fabric Compiler (version 2022.1 build 99559) at Tue Nov 14 12:30:26 2023
Compiling verification operator library.
Compiling common defs.
Compiling prim grid devices.
Compiling gate devices.
Compiling gate operators.
Building architecture model.
Loading device packaging model.
Reading design from DB.
Start Generating Programming File...
Reading design from DB takes 3.062500 sec.
Generating architecture configuration.
The bitstream file is "D:/pango_projection/ziguang/generate_bitstream/top.sbit"
Generate programming file takes 23.734375 sec.
Generating Programming File done.
Action gen_bit_stream: Real time elapsed is 0h:0m:30s
Action gen_bit_stream: CPU time elapsed is 0h:0m:28s
Action gen_bit_stream: Process CPU time elapsed is 0h:0m:28s
Current time: Tue Nov 14 12:30:54 2023
Action gen_bit_stream: Peak memory pool usage is 806 MB
