[Info] [2023-11-14 12:19:11] /***************************Start jtagserver***************************/
[Info] [2023-11-14 12:19:11] Path: D:/pango/PDS_2022.1/bin
[Info] [2023-11-14 12:19:11] Version: 99559
[Debug] [2023-11-14 12:19:13] Add a new user_thread, socket descriptor is 1256 user_thread id is 00000000000055FC
[Debug] [2023-11-14 12:19:13] After adding, map size is : 1
[Debug] [2023-11-14 12:19:13] Add a new user_thread, socket descriptor is 1264 user_thread id is 00000000000055FC
[Debug] [2023-11-14 12:19:13] After adding, map size is : 2
[Debug] [2023-11-14 12:19:13] IP address of connecting client is : ::ffff:127.0.0.1
[Debug] [2023-11-14 12:19:13] IP address of connecting client is : ::ffff:127.0.0.1IP address of connecting client is : ::ffff:127.0.0.1
[Debug] [2023-11-14 12:19:13] Remove the header data from the client, index : 0
[Debug] [2023-11-14 12:19:13] _total_bytes_size : 146
[Debug] [2023-11-14 12:19:13] Remove the header data from the client, index : 0
[Debug] [2023-11-14 12:19:13] _total_bytes_size : 96
[Debug] [2023-11-14 12:19:13] cmd id :40011cmd name : get_cable_paras
[Debug] [2023-11-14 12:19:15] cmd operation get_cable_paras releases locker
[Debug] [2023-11-14 12:19:15] Remove the header data from the client, index : 0
[Debug] [2023-11-14 12:19:15] _total_bytes_size : 101
[Debug] [2023-11-14 12:19:15] cmd id :20001cmd name : Open config cable
[Debug] [2023-11-14 12:19:16] the idcode from the scanning is: 0x10521899
[Debug] [2023-11-14 12:19:16] the idcode from the scanning is: 0x0
[Debug] [2023-11-14 12:19:16] the idcode from the scanning is: 0x0
[Debug] [2023-11-14 12:19:16] the idcode from the scanning is: 0x0
[Debug] [2023-11-14 12:19:16] the idcode from the scanning is: 0x0
[Debug] [2023-11-14 12:19:16] cmd operation Open config cable releases locker
[Debug] [2023-11-14 12:19:25] Remove the header data from the client, index : 0
[Debug] [2023-11-14 12:19:25] _total_bytes_size : 20e
[Debug] [2023-11-14 12:19:25] cmd id :4e22cmd name : Program
[Debug] [2023-11-14 12:19:25] the idcode from the scanning is: 0x10521899
[Debug] [2023-11-14 12:19:25] the idcode from the scanning is: 0x0
[Debug] [2023-11-14 12:19:25] the idcode from the scanning is: 0x0
[Debug] [2023-11-14 12:19:25] the idcode from the scanning is: 0x0
[Debug] [2023-11-14 12:19:25] the idcode from the scanning is: 0x0
[Debug] [2023-11-14 12:19:25] begin to read back config registerregAddr is 4
[Debug] [2023-11-14 12:19:25] progress bar is 6
[Debug] [2023-11-14 12:19:25] progress bar is 10
[Debug] [2023-11-14 12:19:25] progress bar is 15
[Debug] [2023-11-14 12:19:26] progress bar is 20
[Debug] [2023-11-14 12:19:26] progress bar is 25
[Debug] [2023-11-14 12:19:26] progress bar is 30
[Debug] [2023-11-14 12:19:26] progress bar is 35
[Debug] [2023-11-14 12:19:26] progress bar is 40
[Debug] [2023-11-14 12:19:26] progress bar is 45
[Debug] [2023-11-14 12:19:26] progress bar is 50
[Debug] [2023-11-14 12:19:26] progress bar is 55
[Debug] [2023-11-14 12:19:26] progress bar is 60
[Debug] [2023-11-14 12:19:26] progress bar is 65
[Debug] [2023-11-14 12:19:26] progress bar is 70
[Debug] [2023-11-14 12:19:27] progress bar is 75
[Debug] [2023-11-14 12:19:27] progress bar is 80
[Debug] [2023-11-14 12:19:27] progress bar is 85
[Debug] [2023-11-14 12:19:27] progress bar is 90
[Debug] [2023-11-14 12:19:27] progress bar is 95
[Debug] [2023-11-14 12:19:27] progress bar is 100
[Debug] [2023-11-14 12:19:27] the value in the status register is :1047712
[Debug] [2023-11-14 12:19:27] cmd operation Program releases locker
[Info] [2023-11-14 12:31:45] /***************************Start jtagserver***************************/
[Info] [2023-11-14 12:31:45] Path: D:/pango/PDS_2022.1/bin
[Info] [2023-11-14 12:31:45] Version: 99559
[Debug] [2023-11-14 12:31:47] Add a new user_thread, socket descriptor is 1236 user_thread id is 0000000000005B38
[Debug] [2023-11-14 12:31:47] After adding, map size is : 1
[Debug] [2023-11-14 12:31:47] Add a new user_thread, socket descriptor is 1248 user_thread id is 0000000000005B38
[Debug] [2023-11-14 12:31:47] After adding, map size is : 2
[Debug] [2023-11-14 12:31:47] IP address of connecting client is : ::ffff:127.0.0.1
[Debug] [2023-11-14 12:31:47] IP address of connecting client is : ::ffff:127.0.0.1
[Debug] [2023-11-14 12:31:47] Remove the header data from the client, index : 0
[Debug] [2023-11-14 12:31:47] _total_bytes_size : 146
[Debug] [2023-11-14 12:31:47] Remove the header data from the client, index : 0
[Debug] [2023-11-14 12:31:47] _total_bytes_size : 96
[Debug] [2023-11-14 12:31:47] cmd id :40011cmd name : get_cable_paras
[Debug] [2023-11-14 12:31:49] cmd operation get_cable_paras releases locker
[Debug] [2023-11-14 12:31:49] Remove the header data from the client, index : 0
[Debug] [2023-11-14 12:31:49] _total_bytes_size : 101
[Debug] [2023-11-14 12:31:49] cmd id :20001cmd name : Open config cable
[Debug] [2023-11-14 12:31:49] the idcode from the scanning is: 0x10521899
[Debug] [2023-11-14 12:31:49] the idcode from the scanning is: 0x0
[Debug] [2023-11-14 12:31:49] the idcode from the scanning is: 0x0
[Debug] [2023-11-14 12:31:49] the idcode from the scanning is: 0x0
[Debug] [2023-11-14 12:31:49] the idcode from the scanning is: 0x0
[Debug] [2023-11-14 12:31:50] cmd operation Open config cable releases locker
[Debug] [2023-11-14 12:31:53] Remove the header data from the client, index : 0
[Debug] [2023-11-14 12:31:53] _total_bytes_size : 20e
[Debug] [2023-11-14 12:31:53] cmd id :4e22cmd name : Program
[Debug] [2023-11-14 12:31:54] the idcode from the scanning is: 0x10521899
[Debug] [2023-11-14 12:31:54] the idcode from the scanning is: 0x0
[Debug] [2023-11-14 12:31:54] the idcode from the scanning is: 0x0
[Debug] [2023-11-14 12:31:54] the idcode from the scanning is: 0x0
[Debug] [2023-11-14 12:31:54] the idcode from the scanning is: 0x0
[Debug] [2023-11-14 12:31:54] begin to read back config registerregAddr is 4
[Debug] [2023-11-14 12:31:54] progress bar is 6
[Debug] [2023-11-14 12:31:54] progress bar is 10
[Debug] [2023-11-14 12:31:54] progress bar is 15
[Debug] [2023-11-14 12:31:54] progress bar is 20
[Debug] [2023-11-14 12:31:54] progress bar is 25
[Debug] [2023-11-14 12:31:54] progress bar is 30
[Debug] [2023-11-14 12:31:54] progress bar is 35
[Debug] [2023-11-14 12:31:54] progress bar is 40
[Debug] [2023-11-14 12:31:54] progress bar is 45
[Debug] [2023-11-14 12:31:54] progress bar is 50
[Debug] [2023-11-14 12:31:55] progress bar is 55
[Debug] [2023-11-14 12:31:55] progress bar is 60
[Debug] [2023-11-14 12:31:55] progress bar is 65
[Debug] [2023-11-14 12:31:55] progress bar is 70
[Debug] [2023-11-14 12:31:55] progress bar is 75
[Debug] [2023-11-14 12:31:55] progress bar is 80
[Debug] [2023-11-14 12:31:55] progress bar is 85
[Debug] [2023-11-14 12:31:55] progress bar is 90
[Debug] [2023-11-14 12:31:55] progress bar is 95
[Debug] [2023-11-14 12:31:55] progress bar is 100
[Debug] [2023-11-14 12:31:55] the value in the status register is :1047712
[Debug] [2023-11-14 12:31:56] cmd operation Program releases locker
[Debug] [2023-11-14 12:32:13] Remove the header data from the client, index : 0
[Debug] [2023-11-14 12:32:13] _total_bytes_size : 526
[Debug] [2023-11-14 12:32:13] cmd id :20002cmd name : Program
[Debug] [2023-11-14 12:32:13] the idcode from the scanning is: 0x10521899
[Debug] [2023-11-14 12:32:13] the idcode from the scanning is: 0x0
[Debug] [2023-11-14 12:32:13] the idcode from the scanning is: 0x0
[Debug] [2023-11-14 12:32:13] the idcode from the scanning is: 0x0
[Debug] [2023-11-14 12:32:13] the idcode from the scanning is: 0x0
[Debug] [2023-11-14 12:32:13] begin to read back config registerregAddr is 4
[Debug] [2023-11-14 12:32:13] progress bar is 6
[Debug] [2023-11-14 12:32:13] progress bar is 10
[Debug] [2023-11-14 12:32:14] progress bar is 15
[Debug] [2023-11-14 12:32:14] progress bar is 20
[Debug] [2023-11-14 12:32:14] progress bar is 25
[Debug] [2023-11-14 12:32:14] progress bar is 30
[Debug] [2023-11-14 12:32:14] progress bar is 35
[Debug] [2023-11-14 12:32:14] progress bar is 40
[Debug] [2023-11-14 12:32:14] progress bar is 45
[Debug] [2023-11-14 12:32:14] progress bar is 50
[Debug] [2023-11-14 12:32:14] progress bar is 55
[Debug] [2023-11-14 12:32:14] progress bar is 60
[Debug] [2023-11-14 12:32:14] progress bar is 65
[Debug] [2023-11-14 12:32:15] progress bar is 70
[Debug] [2023-11-14 12:32:15] progress bar is 75
[Debug] [2023-11-14 12:32:15] progress bar is 80
[Debug] [2023-11-14 12:32:15] progress bar is 85
[Debug] [2023-11-14 12:32:15] progress bar is 90
[Debug] [2023-11-14 12:32:15] progress bar is 95
[Debug] [2023-11-14 12:32:15] progress bar is 100
[Debug] [2023-11-14 12:32:15] the value in the status register is :1047712
[Debug] [2023-11-14 12:32:15] cmd operation Program releases locker
[Info] [2023-11-14 15:36:49] /***************************Start jtagserver***************************/
[Info] [2023-11-14 15:36:49] Path: D:/pango/PDS_2022.1/bin
[Info] [2023-11-14 15:36:49] Version: 99559
[Debug] [2023-11-14 15:36:51] Add a new user_thread, socket descriptor is 1168 user_thread id is 0000000000005F0C
[Debug] [2023-11-14 15:36:51] After adding, map size is : 1
[Debug] [2023-11-14 15:36:51] Add a new user_thread, socket descriptor is 1032 user_thread id is 0000000000005F0C
[Debug] [2023-11-14 15:36:51] After adding, map size is : 2
[Debug] [2023-11-14 15:36:51] IP address of connecting client is : ::ffff:127.0.0.1
[Debug] [2023-11-14 15:36:51] IP address of connecting client is : ::ffff:127.0.0.1IP address of connecting client is : ::ffff:127.0.0.1
[Debug] [2023-11-14 15:36:51] Remove the header data from the client, index : 0
[Debug] [2023-11-14 15:36:51] _total_bytes_size : 146
[Debug] [2023-11-14 15:36:51] Remove the header data from the client, index : 0
[Debug] [2023-11-14 15:36:51] _total_bytes_size : 96
[Debug] [2023-11-14 15:36:51] cmd id :40011cmd name : get_cable_paras
[Debug] [2023-11-14 15:36:53] cmd operation get_cable_paras releases locker
[Debug] [2023-11-14 15:36:53] Remove the header data from the client, index : 0
[Debug] [2023-11-14 15:36:53] _total_bytes_size : 101
[Debug] [2023-11-14 15:36:53] cmd id :20001cmd name : Open config cable
[Debug] [2023-11-14 15:36:54] the idcode from the scanning is: 0x10521899
[Debug] [2023-11-14 15:36:54] the idcode from the scanning is: 0x0
[Debug] [2023-11-14 15:36:54] the idcode from the scanning is: 0x0
[Debug] [2023-11-14 15:36:54] the idcode from the scanning is: 0x0
[Debug] [2023-11-14 15:36:54] the idcode from the scanning is: 0x0
[Debug] [2023-11-14 15:36:54] cmd operation Open config cable releases locker
[Debug] [2023-11-14 15:36:57] Remove the header data from the client, index : 0
[Debug] [2023-11-14 15:36:57] _total_bytes_size : 20e
[Debug] [2023-11-14 15:36:57] cmd id :4e22cmd name : Program
[Debug] [2023-11-14 15:36:57] the idcode from the scanning is: 0x10521899
[Debug] [2023-11-14 15:36:57] the idcode from the scanning is: 0x0
[Debug] [2023-11-14 15:36:57] the idcode from the scanning is: 0x0
[Debug] [2023-11-14 15:36:57] the idcode from the scanning is: 0x0
[Debug] [2023-11-14 15:36:57] the idcode from the scanning is: 0x0
[Debug] [2023-11-14 15:36:57] begin to read back config registerregAddr is 4
[Debug] [2023-11-14 15:36:58] progress bar is 6
[Debug] [2023-11-14 15:36:58] progress bar is 10
[Debug] [2023-11-14 15:36:58] progress bar is 15
[Debug] [2023-11-14 15:36:58] progress bar is 20
[Debug] [2023-11-14 15:36:58] progress bar is 25
[Debug] [2023-11-14 15:36:58] progress bar is 30
[Debug] [2023-11-14 15:36:58] progress bar is 35
[Debug] [2023-11-14 15:36:58] progress bar is 40
[Debug] [2023-11-14 15:36:58] progress bar is 45
[Debug] [2023-11-14 15:36:58] progress bar is 50
[Debug] [2023-11-14 15:36:58] progress bar is 55
[Debug] [2023-11-14 15:36:59] progress bar is 60
[Debug] [2023-11-14 15:36:59] progress bar is 65
[Debug] [2023-11-14 15:36:59] progress bar is 70
[Debug] [2023-11-14 15:36:59] progress bar is 75
[Debug] [2023-11-14 15:36:59] progress bar is 80
[Debug] [2023-11-14 15:36:59] progress bar is 85
[Debug] [2023-11-14 15:36:59] progress bar is 90
[Debug] [2023-11-14 15:36:59] progress bar is 95
[Debug] [2023-11-14 15:36:59] progress bar is 100
[Debug] [2023-11-14 15:36:59] the value in the status register is :1047712
[Debug] [2023-11-14 15:36:59] cmd operation Program releases locker
[Info] [2023-11-14 15:47:53] /***************************Start jtagserver***************************/
[Info] [2023-11-14 15:47:53] Path: D:/pango/PDS_2022.1/bin
[Info] [2023-11-14 15:47:53] Version: 99559
[Debug] [2023-11-14 15:47:55] Add a new user_thread, socket descriptor is 1228 user_thread id is 0000000000005F78
[Debug] [2023-11-14 15:47:55] After adding, map size is : 1
[Debug] [2023-11-14 15:47:55] Add a new user_thread, socket descriptor is 968 user_thread id is 0000000000005F78
[Debug] [2023-11-14 15:47:55] After adding, map size is : 2
[Debug] [2023-11-14 15:47:55] IP address of connecting client is : ::ffff:127.0.0.1
[Debug] [2023-11-14 15:47:55] IP address of connecting client is : ::ffff:127.0.0.1
[Debug] [2023-11-14 15:47:55] Remove the header data from the client, index : 0
[Debug] [2023-11-14 15:47:55] _total_bytes_size : 146
[Debug] [2023-11-14 15:47:55] Remove the header data from the client, index : 0
[Debug] [2023-11-14 15:47:55] _total_bytes_size : 96
[Debug] [2023-11-14 15:47:55] cmd id :40011cmd name : get_cable_paras
[Debug] [2023-11-14 15:47:57] cmd operation get_cable_paras releases locker
[Debug] [2023-11-14 15:47:57] Remove the header data from the client, index : 0
[Debug] [2023-11-14 15:47:57] _total_bytes_size : 101
[Debug] [2023-11-14 15:47:57] cmd id :20001cmd name : Open config cable
[Debug] [2023-11-14 15:47:58] the idcode from the scanning is: 0x10521899
[Debug] [2023-11-14 15:47:58] the idcode from the scanning is: 0x0
[Debug] [2023-11-14 15:47:58] the idcode from the scanning is: 0x0
[Debug] [2023-11-14 15:47:58] the idcode from the scanning is: 0x0
[Debug] [2023-11-14 15:47:58] the idcode from the scanning is: 0x0
[Debug] [2023-11-14 15:47:58] cmd operation Open config cable releases locker
[Debug] [2023-11-14 15:48:01] Remove the header data from the client, index : 0
[Debug] [2023-11-14 15:48:01] _total_bytes_size : 20e
[Debug] [2023-11-14 15:48:01] cmd id :4e22cmd name : Program
[Debug] [2023-11-14 15:48:02] the idcode from the scanning is: 0x10521899
[Debug] [2023-11-14 15:48:02] the idcode from the scanning is: 0x0
[Debug] [2023-11-14 15:48:02] the idcode from the scanning is: 0x0
[Debug] [2023-11-14 15:48:02] the idcode from the scanning is: 0x0
[Debug] [2023-11-14 15:48:02] the idcode from the scanning is: 0x0
[Debug] [2023-11-14 15:48:02] begin to read back config registerregAddr is 4
[Debug] [2023-11-14 15:48:02] progress bar is 6
[Debug] [2023-11-14 15:48:02] progress bar is 10
[Debug] [2023-11-14 15:48:02] progress bar is 15
[Debug] [2023-11-14 15:48:02] progress bar is 20
[Debug] [2023-11-14 15:48:02] progress bar is 25
[Debug] [2023-11-14 15:48:02] progress bar is 30
[Debug] [2023-11-14 15:48:02] progress bar is 35
[Debug] [2023-11-14 15:48:02] progress bar is 40
[Debug] [2023-11-14 15:48:02] progress bar is 45
[Debug] [2023-11-14 15:48:03] progress bar is 50
[Debug] [2023-11-14 15:48:03] progress bar is 55
[Debug] [2023-11-14 15:48:03] progress bar is 60
[Debug] [2023-11-14 15:48:03] progress bar is 65
[Debug] [2023-11-14 15:48:03] progress bar is 70
[Debug] [2023-11-14 15:48:03] progress bar is 75
[Debug] [2023-11-14 15:48:03] progress bar is 80
[Debug] [2023-11-14 15:48:03] progress bar is 85
[Debug] [2023-11-14 15:48:03] progress bar is 90
[Debug] [2023-11-14 15:48:03] progress bar is 95
[Debug] [2023-11-14 15:48:03] progress bar is 100
[Debug] [2023-11-14 15:48:03] the value in the status register is :1047712
[Debug] [2023-11-14 15:48:04] cmd operation Program releases locker
[Debug] [2023-11-14 15:56:12] Remove the header data from the client, index : 0
[Debug] [2023-11-14 15:56:12] _total_bytes_size : 526
[Debug] [2023-11-14 15:56:12] cmd id :20002cmd name : Program
[Debug] [2023-11-14 15:56:12] the idcode from the scanning is: 0x10521899
[Debug] [2023-11-14 15:56:12] the idcode from the scanning is: 0x0
[Debug] [2023-11-14 15:56:12] the idcode from the scanning is: 0x0
[Debug] [2023-11-14 15:56:12] the idcode from the scanning is: 0x0
[Debug] [2023-11-14 15:56:12] the idcode from the scanning is: 0x0
[Debug] [2023-11-14 15:56:12] begin to read back config registerregAddr is 4
[Debug] [2023-11-14 15:56:13] progress bar is 6
[Debug] [2023-11-14 15:56:13] progress bar is 10
[Debug] [2023-11-14 15:56:13] progress bar is 15
[Debug] [2023-11-14 15:56:13] progress bar is 20
[Debug] [2023-11-14 15:56:13] progress bar is 25
[Debug] [2023-11-14 15:56:13] progress bar is 30
[Debug] [2023-11-14 15:56:13] progress bar is 35
[Debug] [2023-11-14 15:56:13] progress bar is 40
[Debug] [2023-11-14 15:56:13] progress bar is 45
[Debug] [2023-11-14 15:56:13] progress bar is 50
[Debug] [2023-11-14 15:56:13] progress bar is 55
[Debug] [2023-11-14 15:56:13] progress bar is 60
[Debug] [2023-11-14 15:56:14] progress bar is 65
[Debug] [2023-11-14 15:56:14] progress bar is 70
[Debug] [2023-11-14 15:56:14] progress bar is 75
[Debug] [2023-11-14 15:56:14] progress bar is 80
[Debug] [2023-11-14 15:56:14] progress bar is 85
[Debug] [2023-11-14 15:56:14] progress bar is 90
[Debug] [2023-11-14 15:56:14] progress bar is 95
[Debug] [2023-11-14 15:56:14] progress bar is 100
[Debug] [2023-11-14 15:56:14] the value in the status register is :1047712
[Debug] [2023-11-14 15:56:14] cmd operation Program releases locker
[Debug] [2023-11-14 15:57:44] Remove the header data from the client, index : 0
[Debug] [2023-11-14 15:57:44] _total_bytes_size : 526
[Debug] [2023-11-14 15:57:44] cmd id :20002cmd name : Program
[Debug] [2023-11-14 15:57:44] the idcode from the scanning is: 0x10521899
[Debug] [2023-11-14 15:57:44] the idcode from the scanning is: 0x0
[Debug] [2023-11-14 15:57:44] the idcode from the scanning is: 0x0
[Debug] [2023-11-14 15:57:44] the idcode from the scanning is: 0x0
[Debug] [2023-11-14 15:57:44] the idcode from the scanning is: 0x0
[Debug] [2023-11-14 15:57:44] begin to read back config registerregAddr is 4
[Debug] [2023-11-14 15:57:44] progress bar is 6
[Debug] [2023-11-14 15:57:45] progress bar is 10
[Debug] [2023-11-14 15:57:45] progress bar is 15
[Debug] [2023-11-14 15:57:45] progress bar is 20
[Debug] [2023-11-14 15:57:45] progress bar is 25
[Debug] [2023-11-14 15:57:45] progress bar is 30
[Debug] [2023-11-14 15:57:45] progress bar is 35
[Debug] [2023-11-14 15:57:45] progress bar is 40
[Debug] [2023-11-14 15:57:45] progress bar is 45
[Debug] [2023-11-14 15:57:45] progress bar is 50
[Debug] [2023-11-14 15:57:45] progress bar is 55
[Debug] [2023-11-14 15:57:45] progress bar is 60
[Debug] [2023-11-14 15:57:46] progress bar is 65
[Debug] [2023-11-14 15:57:46] progress bar is 70
[Debug] [2023-11-14 15:57:46] progress bar is 75
[Debug] [2023-11-14 15:57:46] progress bar is 80
[Debug] [2023-11-14 15:57:46] progress bar is 85
[Debug] [2023-11-14 15:57:46] progress bar is 90
[Debug] [2023-11-14 15:57:46] progress bar is 95
[Debug] [2023-11-14 15:57:46] progress bar is 100
[Debug] [2023-11-14 15:57:46] the value in the status register is :1047712
[Debug] [2023-11-14 15:57:46] cmd operation Program releases locker
[Debug] [2023-11-14 15:58:41] Remove the header data from the client, index : 0
[Debug] [2023-11-14 15:58:41] _total_bytes_size : 101
[Debug] [2023-11-14 15:58:41] cmd id :20001cmd name : Open config cable
[Debug] [2023-11-14 15:58:41] the idcode from the scanning is: 0x10521899
[Debug] [2023-11-14 15:58:41] the idcode from the scanning is: 0x0
[Debug] [2023-11-14 15:58:41] the idcode from the scanning is: 0x0
[Debug] [2023-11-14 15:58:41] the idcode from the scanning is: 0x0
[Debug] [2023-11-14 15:58:41] the idcode from the scanning is: 0x0
[Debug] [2023-11-14 15:58:41] cmd operation Open config cable releases locker
[Debug] [2023-11-14 15:58:52] Remove the header data from the client, index : 0
[Debug] [2023-11-14 15:58:52] _total_bytes_size : 25a
[Debug] [2023-11-14 15:58:52] cmd id :4e22cmd name : Program
[Debug] [2023-11-14 15:58:53] the idcode from the scanning is: 0x10521899
[Debug] [2023-11-14 15:58:53] the idcode from the scanning is: 0x0
[Debug] [2023-11-14 15:58:53] the idcode from the scanning is: 0x0
[Debug] [2023-11-14 15:58:53] the idcode from the scanning is: 0x0
[Debug] [2023-11-14 15:58:53] the idcode from the scanning is: 0x0
[Debug] [2023-11-14 15:58:53] begin to read back config registerregAddr is 4
[Debug] [2023-11-14 15:58:53] progress bar is 6
[Debug] [2023-11-14 15:58:53] progress bar is 10
[Debug] [2023-11-14 15:58:53] progress bar is 15
[Debug] [2023-11-14 15:58:53] progress bar is 20
[Debug] [2023-11-14 15:58:53] progress bar is 25
[Debug] [2023-11-14 15:58:53] progress bar is 30
[Debug] [2023-11-14 15:58:53] progress bar is 35
[Debug] [2023-11-14 15:58:53] progress bar is 40
[Debug] [2023-11-14 15:58:54] progress bar is 45
[Debug] [2023-11-14 15:58:54] progress bar is 50
[Debug] [2023-11-14 15:58:54] progress bar is 55
[Debug] [2023-11-14 15:58:54] progress bar is 60
[Debug] [2023-11-14 15:58:54] progress bar is 65
[Debug] [2023-11-14 15:58:54] progress bar is 70
[Debug] [2023-11-14 15:58:54] progress bar is 75
[Debug] [2023-11-14 15:58:54] progress bar is 80
[Debug] [2023-11-14 15:58:54] progress bar is 85
[Debug] [2023-11-14 15:58:54] progress bar is 90
[Debug] [2023-11-14 15:58:54] progress bar is 95
[Debug] [2023-11-14 15:58:54] progress bar is 100
[Debug] [2023-11-14 15:58:54] the value in the status register is :1047712
[Debug] [2023-11-14 15:58:55] cmd operation Program releases locker
[Debug] [2023-11-14 15:59:33] Remove the header data from the client, index : 0
[Debug] [2023-11-14 15:59:33] _total_bytes_size : 602
[Debug] [2023-11-14 15:59:33] cmd id :20002cmd name : Program
[Debug] [2023-11-14 15:59:34] the idcode from the scanning is: 0x10521899
[Debug] [2023-11-14 15:59:34] the idcode from the scanning is: 0x0
[Debug] [2023-11-14 15:59:34] the idcode from the scanning is: 0x0
[Debug] [2023-11-14 15:59:34] the idcode from the scanning is: 0x0
[Debug] [2023-11-14 15:59:34] the idcode from the scanning is: 0x0
[Debug] [2023-11-14 15:59:34] begin to read back config registerregAddr is 4
[Debug] [2023-11-14 15:59:34] progress bar is 6
[Debug] [2023-11-14 15:59:34] progress bar is 10
[Debug] [2023-11-14 15:59:34] progress bar is 15
[Debug] [2023-11-14 15:59:34] progress bar is 20
[Debug] [2023-11-14 15:59:34] progress bar is 25
[Debug] [2023-11-14 15:59:34] progress bar is 30
[Debug] [2023-11-14 15:59:34] progress bar is 35
[Debug] [2023-11-14 15:59:34] progress bar is 40
[Debug] [2023-11-14 15:59:34] progress bar is 45
[Debug] [2023-11-14 15:59:34] progress bar is 50
[Debug] [2023-11-14 15:59:35] progress bar is 55
[Debug] [2023-11-14 15:59:35] progress bar is 60
[Debug] [2023-11-14 15:59:35] progress bar is 65
[Debug] [2023-11-14 15:59:35] progress bar is 70
[Debug] [2023-11-14 15:59:35] progress bar is 75
[Debug] [2023-11-14 15:59:35] progress bar is 80
[Debug] [2023-11-14 15:59:35] progress bar is 85
[Debug] [2023-11-14 15:59:35] progress bar is 90
[Debug] [2023-11-14 15:59:35] progress bar is 95
[Debug] [2023-11-14 15:59:35] progress bar is 100
[Debug] [2023-11-14 15:59:35] the value in the status register is :1047712
[Debug] [2023-11-14 15:59:36] cmd operation Program releases locker
[Debug] [2023-11-14 16:00:10] Remove the header data from the client, index : 0
[Debug] [2023-11-14 16:00:10] _total_bytes_size : 101
[Debug] [2023-11-14 16:00:10] cmd id :20001cmd name : Open config cable
[Debug] [2023-11-14 16:00:10] the idcode from the scanning is: 0x10521899
[Debug] [2023-11-14 16:00:10] the idcode from the scanning is: 0x0
[Debug] [2023-11-14 16:00:10] the idcode from the scanning is: 0x0
[Debug] [2023-11-14 16:00:10] the idcode from the scanning is: 0x0
[Debug] [2023-11-14 16:00:10] the idcode from the scanning is: 0x0
[Debug] [2023-11-14 16:00:10] cmd operation Open config cable releases locker
[Debug] [2023-11-14 16:00:26] Remove the header data from the client, index : 0
[Debug] [2023-11-14 16:00:26] _total_bytes_size : 282
[Debug] [2023-11-14 16:00:26] cmd id :4e22cmd name : Program
[Debug] [2023-11-14 16:00:26] the idcode from the scanning is: 0x10521899
[Debug] [2023-11-14 16:00:26] the idcode from the scanning is: 0x0
[Debug] [2023-11-14 16:00:26] the idcode from the scanning is: 0x0
[Debug] [2023-11-14 16:00:26] the idcode from the scanning is: 0x0
[Debug] [2023-11-14 16:00:26] the idcode from the scanning is: 0x0
[Debug] [2023-11-14 16:00:26] begin to read back config registerregAddr is 4
[Debug] [2023-11-14 16:00:27] progress bar is 6
[Debug] [2023-11-14 16:00:27] progress bar is 10
[Debug] [2023-11-14 16:00:27] progress bar is 15
[Debug] [2023-11-14 16:00:27] progress bar is 20
[Debug] [2023-11-14 16:00:27] progress bar is 25
[Debug] [2023-11-14 16:00:27] progress bar is 30
[Debug] [2023-11-14 16:00:27] progress bar is 35
[Debug] [2023-11-14 16:00:27] progress bar is 40
[Debug] [2023-11-14 16:00:27] progress bar is 45
[Debug] [2023-11-14 16:00:27] progress bar is 50
[Debug] [2023-11-14 16:00:27] progress bar is 55
[Debug] [2023-11-14 16:00:28] progress bar is 60
[Debug] [2023-11-14 16:00:28] progress bar is 65
[Debug] [2023-11-14 16:00:28] progress bar is 70
[Debug] [2023-11-14 16:00:28] progress bar is 75
[Debug] [2023-11-14 16:00:28] progress bar is 80
[Debug] [2023-11-14 16:00:28] progress bar is 85
[Debug] [2023-11-14 16:00:28] progress bar is 90
[Debug] [2023-11-14 16:00:28] progress bar is 95
[Debug] [2023-11-14 16:00:28] progress bar is 100
[Debug] [2023-11-14 16:00:28] the value in the status register is :2096288
[Debug] [2023-11-14 16:00:28] cmd operation Program releases locker
[Debug] [2023-11-14 16:01:33] Remove the header data from the client, index : 0
[Debug] [2023-11-14 16:01:33] _total_bytes_size : 101
[Debug] [2023-11-14 16:01:33] cmd id :20001cmd name : Open config cable
[Debug] [2023-11-14 16:01:34] the idcode from the scanning is: 0x10521899
[Debug] [2023-11-14 16:01:34] the idcode from the scanning is: 0x0
[Debug] [2023-11-14 16:01:34] the idcode from the scanning is: 0x0
[Debug] [2023-11-14 16:01:34] the idcode from the scanning is: 0x0
[Debug] [2023-11-14 16:01:34] the idcode from the scanning is: 0x0
[Debug] [2023-11-14 16:01:34] cmd operation Open config cable releases locker
[Debug] [2023-11-14 16:01:44] Remove the header data from the client, index : 0
[Debug] [2023-11-14 16:01:44] _total_bytes_size : 25a
[Debug] [2023-11-14 16:01:44] cmd id :4e22cmd name : Program
[Debug] [2023-11-14 16:01:44] the idcode from the scanning is: 0x10521899
[Debug] [2023-11-14 16:01:44] the idcode from the scanning is: 0x0
[Debug] [2023-11-14 16:01:44] the idcode from the scanning is: 0x0
[Debug] [2023-11-14 16:01:44] the idcode from the scanning is: 0x0
[Debug] [2023-11-14 16:01:44] the idcode from the scanning is: 0x0
[Debug] [2023-11-14 16:01:44] begin to read back config registerregAddr is 4
[Debug] [2023-11-14 16:01:44] progress bar is 6
[Debug] [2023-11-14 16:01:44] progress bar is 10
[Debug] [2023-11-14 16:01:44] progress bar is 15
[Debug] [2023-11-14 16:01:44] progress bar is 20
[Debug] [2023-11-14 16:01:45] progress bar is 25
[Debug] [2023-11-14 16:01:45] progress bar is 30
[Debug] [2023-11-14 16:01:45] progress bar is 35
[Debug] [2023-11-14 16:01:45] progress bar is 40
[Debug] [2023-11-14 16:01:45] progress bar is 45
[Debug] [2023-11-14 16:01:45] progress bar is 50
[Debug] [2023-11-14 16:01:45] progress bar is 55
[Debug] [2023-11-14 16:01:45] progress bar is 60
[Debug] [2023-11-14 16:01:45] progress bar is 65
[Debug] [2023-11-14 16:01:45] progress bar is 70
[Debug] [2023-11-14 16:01:45] progress bar is 75
[Debug] [2023-11-14 16:01:46] progress bar is 80
[Debug] [2023-11-14 16:01:46] progress bar is 85
[Debug] [2023-11-14 16:01:46] progress bar is 90
[Debug] [2023-11-14 16:01:46] progress bar is 95
[Debug] [2023-11-14 16:01:46] progress bar is 100
[Debug] [2023-11-14 16:01:46] the value in the status register is :1047712
[Debug] [2023-11-14 16:01:46] cmd operation Program releases locker
[Debug] [2023-11-14 16:02:20] Remove the header data from the client, index : 0
[Debug] [2023-11-14 16:02:20] _total_bytes_size : 101
[Debug] [2023-11-14 16:02:20] cmd id :20001cmd name : Open config cable
[Debug] [2023-11-14 16:02:21] the idcode from the scanning is: 0x10521899
[Debug] [2023-11-14 16:02:21] the idcode from the scanning is: 0x0
[Debug] [2023-11-14 16:02:21] the idcode from the scanning is: 0x0
[Debug] [2023-11-14 16:02:21] the idcode from the scanning is: 0x0
[Debug] [2023-11-14 16:02:21] the idcode from the scanning is: 0x0
[Debug] [2023-11-14 16:02:21] cmd operation Open config cable releases locker
[Debug] [2023-11-14 16:02:32] Remove the header data from the client, index : 0
[Debug] [2023-11-14 16:02:32] _total_bytes_size : 20e
[Debug] [2023-11-14 16:02:32] cmd id :4e22cmd name : Program
[Debug] [2023-11-14 16:02:32] the idcode from the scanning is: 0x10521899
[Debug] [2023-11-14 16:02:32] the idcode from the scanning is: 0x0
[Debug] [2023-11-14 16:02:32] the idcode from the scanning is: 0x0
[Debug] [2023-11-14 16:02:32] the idcode from the scanning is: 0x0
[Debug] [2023-11-14 16:02:32] the idcode from the scanning is: 0x0
[Debug] [2023-11-14 16:02:32] begin to read back config registerregAddr is 4
[Debug] [2023-11-14 16:02:32] progress bar is 6
[Debug] [2023-11-14 16:02:32] progress bar is 10
[Debug] [2023-11-14 16:02:33] progress bar is 15
[Debug] [2023-11-14 16:02:33] progress bar is 20
[Debug] [2023-11-14 16:02:33] progress bar is 25
[Debug] [2023-11-14 16:02:33] progress bar is 30
[Debug] [2023-11-14 16:02:33] progress bar is 35
[Debug] [2023-11-14 16:02:33] progress bar is 40
[Debug] [2023-11-14 16:02:33] progress bar is 45
[Debug] [2023-11-14 16:02:33] progress bar is 50
[Debug] [2023-11-14 16:02:33] progress bar is 55
[Debug] [2023-11-14 16:02:33] progress bar is 60
[Debug] [2023-11-14 16:02:33] progress bar is 65
[Debug] [2023-11-14 16:02:34] progress bar is 70
[Debug] [2023-11-14 16:02:34] progress bar is 75
[Debug] [2023-11-14 16:02:34] progress bar is 80
[Debug] [2023-11-14 16:02:34] progress bar is 85
[Debug] [2023-11-14 16:02:34] progress bar is 90
[Debug] [2023-11-14 16:02:34] progress bar is 95
[Debug] [2023-11-14 16:02:34] progress bar is 100
[Debug] [2023-11-14 16:02:34] the value in the status register is :1047712
[Debug] [2023-11-14 16:02:34] cmd operation Program releases locker
[Debug] [2023-11-14 16:04:43] Remove the header data from the client, index : 0
[Debug] [2023-11-14 16:04:43] _total_bytes_size : 101
[Debug] [2023-11-14 16:04:43] cmd id :20001cmd name : Open config cable
[Debug] [2023-11-14 16:04:43] the idcode from the scanning is: 0x10521899
[Debug] [2023-11-14 16:04:43] the idcode from the scanning is: 0x0
[Debug] [2023-11-14 16:04:43] the idcode from the scanning is: 0x0
[Debug] [2023-11-14 16:04:43] the idcode from the scanning is: 0x0
[Debug] [2023-11-14 16:04:43] the idcode from the scanning is: 0x0
[Debug] [2023-11-14 16:04:44] cmd operation Open config cable releases locker
[Debug] [2023-11-14 16:05:09] Remove the header data from the client, index : 0
[Debug] [2023-11-14 16:05:09] _total_bytes_size : 2a6
[Debug] [2023-11-14 16:05:09] cmd id :4e22cmd name : Program
[Debug] [2023-11-14 16:05:09] the idcode from the scanning is: 0x10521899
[Debug] [2023-11-14 16:05:09] the idcode from the scanning is: 0x0
[Debug] [2023-11-14 16:05:09] the idcode from the scanning is: 0x0
[Debug] [2023-11-14 16:05:09] the idcode from the scanning is: 0x0
[Debug] [2023-11-14 16:05:09] the idcode from the scanning is: 0x0
[Debug] [2023-11-14 16:05:09] begin to read back config registerregAddr is 4
[Debug] [2023-11-14 16:05:09] progress bar is 6
[Debug] [2023-11-14 16:05:09] progress bar is 10
[Debug] [2023-11-14 16:05:09] progress bar is 15
[Debug] [2023-11-14 16:05:09] progress bar is 20
[Debug] [2023-11-14 16:05:09] progress bar is 25
[Debug] [2023-11-14 16:05:09] progress bar is 30
[Debug] [2023-11-14 16:05:09] progress bar is 35
[Debug] [2023-11-14 16:05:10] progress bar is 40
[Debug] [2023-11-14 16:05:10] progress bar is 45
[Debug] [2023-11-14 16:05:10] progress bar is 50
[Debug] [2023-11-14 16:05:10] progress bar is 55
[Debug] [2023-11-14 16:05:10] progress bar is 60
[Debug] [2023-11-14 16:05:10] progress bar is 65
[Debug] [2023-11-14 16:05:10] progress bar is 70
[Debug] [2023-11-14 16:05:10] progress bar is 75
[Debug] [2023-11-14 16:05:10] progress bar is 80
[Debug] [2023-11-14 16:05:10] progress bar is 85
[Debug] [2023-11-14 16:05:10] progress bar is 90
[Debug] [2023-11-14 16:05:11] progress bar is 95
[Debug] [2023-11-14 16:05:11] progress bar is 100
[Debug] [2023-11-14 16:05:11] the value in the status register is :1047712
[Debug] [2023-11-14 16:05:11] cmd operation Program releases locker
[Debug] [2023-11-14 16:06:00] Remove the header data from the client, index : 0
[Debug] [2023-11-14 16:06:00] _total_bytes_size : 101
[Debug] [2023-11-14 16:06:00] cmd id :20001cmd name : Open config cable
[Debug] [2023-11-14 16:06:00] the idcode from the scanning is: 0x10521899
[Debug] [2023-11-14 16:06:00] the idcode from the scanning is: 0x0
[Debug] [2023-11-14 16:06:00] the idcode from the scanning is: 0x0
[Debug] [2023-11-14 16:06:00] the idcode from the scanning is: 0x0
[Debug] [2023-11-14 16:06:00] the idcode from the scanning is: 0x0
[Debug] [2023-11-14 16:06:01] cmd operation Open config cable releases locker
[Debug] [2023-11-14 16:06:06] Remove the header data from the client, index : 0
[Debug] [2023-11-14 16:06:06] _total_bytes_size : 1da
[Debug] [2023-11-14 16:06:06] cmd id :4e22cmd name : Program
[Debug] [2023-11-14 16:06:07] the idcode from the scanning is: 0x10521899
[Debug] [2023-11-14 16:06:07] the idcode from the scanning is: 0x0
[Debug] [2023-11-14 16:06:07] the idcode from the scanning is: 0x0
[Debug] [2023-11-14 16:06:07] the idcode from the scanning is: 0x0
[Debug] [2023-11-14 16:06:07] the idcode from the scanning is: 0x0
[Debug] [2023-11-14 16:06:07] begin to read back config registerregAddr is 4
[Debug] [2023-11-14 16:06:07] progress bar is 6
[Debug] [2023-11-14 16:06:07] progress bar is 10
[Debug] [2023-11-14 16:06:07] progress bar is 15
[Debug] [2023-11-14 16:06:07] progress bar is 20
[Debug] [2023-11-14 16:06:07] progress bar is 25
[Debug] [2023-11-14 16:06:07] progress bar is 30
[Debug] [2023-11-14 16:06:07] progress bar is 35
[Debug] [2023-11-14 16:06:07] progress bar is 40
[Debug] [2023-11-14 16:06:08] progress bar is 45
[Debug] [2023-11-14 16:06:08] progress bar is 50
[Debug] [2023-11-14 16:06:08] progress bar is 55
[Debug] [2023-11-14 16:06:08] progress bar is 60
[Debug] [2023-11-14 16:06:08] progress bar is 65
[Debug] [2023-11-14 16:06:08] progress bar is 70
[Debug] [2023-11-14 16:06:08] progress bar is 75
[Debug] [2023-11-14 16:06:08] progress bar is 80
[Debug] [2023-11-14 16:06:08] progress bar is 85
[Debug] [2023-11-14 16:06:08] progress bar is 90
[Debug] [2023-11-14 16:06:08] progress bar is 95
[Debug] [2023-11-14 16:06:08] progress bar is 100
[Debug] [2023-11-14 16:06:08] the value in the status register is :1047712
[Debug] [2023-11-14 16:06:09] cmd operation Program releases locker
[Debug] [2023-11-14 16:07:29] Remove the header data from the client, index : 0
[Debug] [2023-11-14 16:07:29] _total_bytes_size : 101
[Debug] [2023-11-14 16:07:29] cmd id :20001cmd name : Open config cable
[Debug] [2023-11-14 16:07:30] the idcode from the scanning is: 0x10521899
[Debug] [2023-11-14 16:07:30] the idcode from the scanning is: 0x0
[Debug] [2023-11-14 16:07:30] the idcode from the scanning is: 0x0
[Debug] [2023-11-14 16:07:30] the idcode from the scanning is: 0x0
[Debug] [2023-11-14 16:07:30] the idcode from the scanning is: 0x0
[Debug] [2023-11-14 16:07:30] cmd operation Open config cable releases locker
[Debug] [2023-11-14 16:07:52] Remove the header data from the client, index : 0
[Debug] [2023-11-14 16:07:52] _total_bytes_size : 20e
[Debug] [2023-11-14 16:07:52] cmd id :4e22cmd name : Program
[Debug] [2023-11-14 16:07:52] the idcode from the scanning is: 0x10521899
[Debug] [2023-11-14 16:07:52] the idcode from the scanning is: 0x0
[Debug] [2023-11-14 16:07:52] the idcode from the scanning is: 0x0
[Debug] [2023-11-14 16:07:52] the idcode from the scanning is: 0x0
[Debug] [2023-11-14 16:07:52] the idcode from the scanning is: 0x0
[Debug] [2023-11-14 16:07:52] begin to read back config registerregAddr is 4
[Debug] [2023-11-14 16:07:52] progress bar is 6
[Debug] [2023-11-14 16:07:53] progress bar is 10
[Debug] [2023-11-14 16:07:53] progress bar is 15
[Debug] [2023-11-14 16:07:53] progress bar is 20
[Debug] [2023-11-14 16:07:53] progress bar is 25
[Debug] [2023-11-14 16:07:53] progress bar is 30
[Debug] [2023-11-14 16:07:53] progress bar is 35
[Debug] [2023-11-14 16:07:53] progress bar is 40
[Debug] [2023-11-14 16:07:53] progress bar is 45
[Debug] [2023-11-14 16:07:53] progress bar is 50
[Debug] [2023-11-14 16:07:53] progress bar is 55
[Debug] [2023-11-14 16:07:53] progress bar is 60
[Debug] [2023-11-14 16:07:54] progress bar is 65
[Debug] [2023-11-14 16:07:54] progress bar is 70
[Debug] [2023-11-14 16:07:54] progress bar is 75
[Debug] [2023-11-14 16:07:54] progress bar is 80
[Debug] [2023-11-14 16:07:54] progress bar is 85
[Debug] [2023-11-14 16:07:54] progress bar is 90
[Debug] [2023-11-14 16:07:54] progress bar is 95
[Debug] [2023-11-14 16:07:54] progress bar is 100
[Debug] [2023-11-14 16:07:54] the value in the status register is :1047712
[Debug] [2023-11-14 16:07:54] cmd operation Program releases locker
[Debug] [2023-11-14 16:09:40] Remove the header data from the client, index : 0
[Debug] [2023-11-14 16:09:40] _total_bytes_size : 101
[Debug] [2023-11-14 16:09:40] cmd id :20001cmd name : Open config cable
[Debug] [2023-11-14 16:09:40] the idcode from the scanning is: 0x10521899
[Debug] [2023-11-14 16:09:40] the idcode from the scanning is: 0x0
[Debug] [2023-11-14 16:09:40] the idcode from the scanning is: 0x0
[Debug] [2023-11-14 16:09:40] the idcode from the scanning is: 0x0
[Debug] [2023-11-14 16:09:40] the idcode from the scanning is: 0x0
[Debug] [2023-11-14 16:09:40] cmd operation Open config cable releases locker
[Debug] [2023-11-14 16:09:45] Remove the header data from the client, index : 0
[Debug] [2023-11-14 16:09:45] _total_bytes_size : 1f2
[Debug] [2023-11-14 16:09:45] cmd id :4e22cmd name : Program
[Debug] [2023-11-14 16:09:46] the idcode from the scanning is: 0x10521899
[Debug] [2023-11-14 16:09:46] the idcode from the scanning is: 0x0
[Debug] [2023-11-14 16:09:46] the idcode from the scanning is: 0x0
[Debug] [2023-11-14 16:09:46] the idcode from the scanning is: 0x0
[Debug] [2023-11-14 16:09:46] the idcode from the scanning is: 0x0
[Debug] [2023-11-14 16:09:46] begin to read back config registerregAddr is 4
[Debug] [2023-11-14 16:09:46] progress bar is 6
[Debug] [2023-11-14 16:09:46] progress bar is 10
[Debug] [2023-11-14 16:09:46] progress bar is 15
[Debug] [2023-11-14 16:09:46] progress bar is 20
[Debug] [2023-11-14 16:09:46] progress bar is 25
[Debug] [2023-11-14 16:09:46] progress bar is 30
[Debug] [2023-11-14 16:09:46] progress bar is 35
[Debug] [2023-11-14 16:09:46] progress bar is 40
[Debug] [2023-11-14 16:09:46] progress bar is 45
[Debug] [2023-11-14 16:09:47] progress bar is 50
[Debug] [2023-11-14 16:09:47] progress bar is 55
[Debug] [2023-11-14 16:09:47] progress bar is 60
[Debug] [2023-11-14 16:09:47] progress bar is 65
[Debug] [2023-11-14 16:09:47] progress bar is 70
[Debug] [2023-11-14 16:09:47] progress bar is 75
[Debug] [2023-11-14 16:09:47] progress bar is 80
[Debug] [2023-11-14 16:09:47] progress bar is 85
[Debug] [2023-11-14 16:09:47] progress bar is 90
[Debug] [2023-11-14 16:09:47] progress bar is 95
[Debug] [2023-11-14 16:09:47] progress bar is 100
[Debug] [2023-11-14 16:09:47] the value in the status register is :1047712
[Debug] [2023-11-14 16:09:48] cmd operation Program releases locker
[Debug] [2023-11-14 16:10:11] Remove the header data from the client, index : 0
[Debug] [2023-11-14 16:10:11] _total_bytes_size : 498
[Debug] [2023-11-14 16:10:11] cmd id :20002cmd name : Program
[Debug] [2023-11-14 16:10:11] the idcode from the scanning is: 0x10521899
[Debug] [2023-11-14 16:10:11] the idcode from the scanning is: 0x0
[Debug] [2023-11-14 16:10:11] the idcode from the scanning is: 0x0
[Debug] [2023-11-14 16:10:11] the idcode from the scanning is: 0x0
[Debug] [2023-11-14 16:10:11] the idcode from the scanning is: 0x0
[Debug] [2023-11-14 16:10:11] begin to read back config registerregAddr is 4
[Debug] [2023-11-14 16:10:11] progress bar is 6
[Debug] [2023-11-14 16:10:11] progress bar is 10
[Debug] [2023-11-14 16:10:11] progress bar is 15
[Debug] [2023-11-14 16:10:11] progress bar is 20
[Debug] [2023-11-14 16:10:12] progress bar is 25
[Debug] [2023-11-14 16:10:12] progress bar is 30
[Debug] [2023-11-14 16:10:12] progress bar is 35
[Debug] [2023-11-14 16:10:12] progress bar is 40
[Debug] [2023-11-14 16:10:12] progress bar is 45
[Debug] [2023-11-14 16:10:12] progress bar is 50
[Debug] [2023-11-14 16:10:12] progress bar is 55
[Debug] [2023-11-14 16:10:12] progress bar is 60
[Debug] [2023-11-14 16:10:12] progress bar is 65
[Debug] [2023-11-14 16:10:12] progress bar is 70
[Debug] [2023-11-14 16:10:12] progress bar is 75
[Debug] [2023-11-14 16:10:13] progress bar is 80
[Debug] [2023-11-14 16:10:13] progress bar is 85
[Debug] [2023-11-14 16:10:13] progress bar is 90
[Debug] [2023-11-14 16:10:13] progress bar is 95
[Debug] [2023-11-14 16:10:13] progress bar is 100
[Debug] [2023-11-14 16:10:13] the value in the status register is :1047712
[Debug] [2023-11-14 16:10:13] cmd operation Program releases locker
[Debug] [2023-11-14 16:10:23] Remove the header data from the client, index : 0
[Debug] [2023-11-14 16:10:23] _total_bytes_size : 498
[Debug] [2023-11-14 16:10:23] cmd id :20002cmd name : Program
[Debug] [2023-11-14 16:10:23] the idcode from the scanning is: 0x10521899
[Debug] [2023-11-14 16:10:23] the idcode from the scanning is: 0x0
[Debug] [2023-11-14 16:10:23] the idcode from the scanning is: 0x0
[Debug] [2023-11-14 16:10:23] the idcode from the scanning is: 0x0
[Debug] [2023-11-14 16:10:23] the idcode from the scanning is: 0x0
[Debug] [2023-11-14 16:10:23] begin to read back config registerregAddr is 4
[Debug] [2023-11-14 16:10:24] progress bar is 6
[Debug] [2023-11-14 16:10:24] progress bar is 10
[Debug] [2023-11-14 16:10:24] progress bar is 15
[Debug] [2023-11-14 16:10:24] progress bar is 20
[Debug] [2023-11-14 16:10:24] progress bar is 25
[Debug] [2023-11-14 16:10:24] progress bar is 30
[Debug] [2023-11-14 16:10:24] progress bar is 35
[Debug] [2023-11-14 16:10:24] progress bar is 40
[Debug] [2023-11-14 16:10:24] progress bar is 45
[Debug] [2023-11-14 16:10:24] progress bar is 50
[Debug] [2023-11-14 16:10:24] progress bar is 55
[Debug] [2023-11-14 16:10:25] progress bar is 60
[Debug] [2023-11-14 16:10:25] progress bar is 65
[Debug] [2023-11-14 16:10:25] progress bar is 70
[Debug] [2023-11-14 16:10:25] progress bar is 75
[Debug] [2023-11-14 16:10:25] progress bar is 80
[Debug] [2023-11-14 16:10:25] progress bar is 85
[Debug] [2023-11-14 16:10:25] progress bar is 90
[Debug] [2023-11-14 16:10:25] progress bar is 95
[Debug] [2023-11-14 16:10:25] progress bar is 100
[Debug] [2023-11-14 16:10:25] the value in the status register is :1047712
[Debug] [2023-11-14 16:10:25] cmd operation Program releases locker
[Debug] [2023-11-14 16:10:34] Remove the header data from the client, index : 0
[Debug] [2023-11-14 16:10:34] _total_bytes_size : 498
[Debug] [2023-11-14 16:10:34] cmd id :20002cmd name : Program
[Debug] [2023-11-14 16:10:34] the idcode from the scanning is: 0x10521899
[Debug] [2023-11-14 16:10:34] the idcode from the scanning is: 0x0
[Debug] [2023-11-14 16:10:34] the idcode from the scanning is: 0x0
[Debug] [2023-11-14 16:10:34] the idcode from the scanning is: 0x0
[Debug] [2023-11-14 16:10:34] the idcode from the scanning is: 0x0
[Debug] [2023-11-14 16:10:34] begin to read back config registerregAddr is 4
[Debug] [2023-11-14 16:10:34] progress bar is 6
[Debug] [2023-11-14 16:10:34] progress bar is 10
[Debug] [2023-11-14 16:10:34] progress bar is 15
[Debug] [2023-11-14 16:10:35] progress bar is 20
[Debug] [2023-11-14 16:10:35] progress bar is 25
[Debug] [2023-11-14 16:10:35] progress bar is 30
[Debug] [2023-11-14 16:10:35] progress bar is 35
[Debug] [2023-11-14 16:10:35] progress bar is 40
[Debug] [2023-11-14 16:10:35] progress bar is 45
[Debug] [2023-11-14 16:10:35] progress bar is 50
[Debug] [2023-11-14 16:10:35] progress bar is 55
[Debug] [2023-11-14 16:10:35] progress bar is 60
[Debug] [2023-11-14 16:10:35] progress bar is 65
[Debug] [2023-11-14 16:10:35] progress bar is 70
[Debug] [2023-11-14 16:10:36] progress bar is 75
[Debug] [2023-11-14 16:10:36] progress bar is 80
[Debug] [2023-11-14 16:10:36] progress bar is 85
[Debug] [2023-11-14 16:10:36] progress bar is 90
[Debug] [2023-11-14 16:10:36] progress bar is 95
[Debug] [2023-11-14 16:10:36] progress bar is 100
[Debug] [2023-11-14 16:10:36] the value in the status register is :1047712
[Debug] [2023-11-14 16:10:36] cmd operation Program releases locker
[Debug] [2023-11-14 16:11:16] Remove the header data from the client, index : 0
[Debug] [2023-11-14 16:11:16] _total_bytes_size : 101
[Debug] [2023-11-14 16:11:16] cmd id :20001cmd name : Open config cable
[Debug] [2023-11-14 16:11:17] the idcode from the scanning is: 0x10521899
[Debug] [2023-11-14 16:11:17] the idcode from the scanning is: 0x0
[Debug] [2023-11-14 16:11:17] the idcode from the scanning is: 0x0
[Debug] [2023-11-14 16:11:17] the idcode from the scanning is: 0x0
[Debug] [2023-11-14 16:11:17] the idcode from the scanning is: 0x0
[Debug] [2023-11-14 16:11:17] cmd operation Open config cable releases locker
[Info] [2023-11-14 16:11:44] /***************************Start jtagserver***************************/
[Info] [2023-11-14 16:11:44] Path: D:/pango/PDS_2022.1/bin
[Info] [2023-11-14 16:11:44] Version: 99559
[Debug] [2023-11-14 16:11:45] Add a new user_thread, socket descriptor is 1220 user_thread id is 0000000000004220
[Debug] [2023-11-14 16:11:45] After adding, map size is : 1
[Debug] [2023-11-14 16:11:45] Add a new user_thread, socket descriptor is 1240 user_thread id is 0000000000004220
[Debug] [2023-11-14 16:11:45] After adding, map size is : 2
[Debug] [2023-11-14 16:11:45] IP address of connecting client is : ::ffff:127.0.0.1
[Debug] [2023-11-14 16:11:45] IP address of connecting client is : ::ffff:127.0.0.1
[Debug] [2023-11-14 16:11:45] Remove the header data from the client, index : 0
[Debug] [2023-11-14 16:11:45] _total_bytes_size : 146
[Debug] [2023-11-14 16:11:45] Remove the header data from the client, index : 0
[Debug] [2023-11-14 16:11:45] _total_bytes_size : 96
[Debug] [2023-11-14 16:11:45] cmd id :40011cmd name : get_cable_paras
[Debug] [2023-11-14 16:11:47] cmd operation get_cable_paras releases locker
[Debug] [2023-11-14 16:11:47] Remove the header data from the client, index : 0
[Debug] [2023-11-14 16:11:47] _total_bytes_size : 101
[Debug] [2023-11-14 16:11:47] cmd id :20001cmd name : Open config cable
[Debug] [2023-11-14 16:11:47] the idcode from the scanning is: 0x10521899
[Debug] [2023-11-14 16:11:47] the idcode from the scanning is: 0x0
[Debug] [2023-11-14 16:11:47] the idcode from the scanning is: 0x0
[Debug] [2023-11-14 16:11:47] the idcode from the scanning is: 0x0
[Debug] [2023-11-14 16:11:47] the idcode from the scanning is: 0x0
[Debug] [2023-11-14 16:11:47] cmd operation Open config cable releases locker
[Debug] [2023-11-14 16:11:51] Remove the header data from the client, index : 0
[Debug] [2023-11-14 16:11:51] _total_bytes_size : 20e
[Debug] [2023-11-14 16:11:51] cmd id :4e22cmd name : Program
[Debug] [2023-11-14 16:11:51] the idcode from the scanning is: 0x10521899
[Debug] [2023-11-14 16:11:51] the idcode from the scanning is: 0x0
[Debug] [2023-11-14 16:11:51] the idcode from the scanning is: 0x0
[Debug] [2023-11-14 16:11:51] the idcode from the scanning is: 0x0
[Debug] [2023-11-14 16:11:51] the idcode from the scanning is: 0x0
[Debug] [2023-11-14 16:11:51] begin to read back config registerregAddr is 4
[Debug] [2023-11-14 16:11:51] progress bar is 6
[Debug] [2023-11-14 16:11:51] progress bar is 10
[Debug] [2023-11-14 16:11:51] progress bar is 15
[Debug] [2023-11-14 16:11:51] progress bar is 20
[Debug] [2023-11-14 16:11:51] progress bar is 25
[Debug] [2023-11-14 16:11:51] progress bar is 30
[Debug] [2023-11-14 16:11:51] progress bar is 35
[Debug] [2023-11-14 16:11:52] progress bar is 40
[Debug] [2023-11-14 16:11:52] progress bar is 45
[Debug] [2023-11-14 16:11:52] progress bar is 50
[Debug] [2023-11-14 16:11:52] progress bar is 55
[Debug] [2023-11-14 16:11:52] progress bar is 60
[Debug] [2023-11-14 16:11:52] progress bar is 65
[Debug] [2023-11-14 16:11:52] progress bar is 70
[Debug] [2023-11-14 16:11:52] progress bar is 75
[Debug] [2023-11-14 16:11:52] progress bar is 80
[Debug] [2023-11-14 16:11:52] progress bar is 85
[Debug] [2023-11-14 16:11:52] progress bar is 90
[Debug] [2023-11-14 16:11:53] progress bar is 95
[Debug] [2023-11-14 16:11:53] progress bar is 100
[Debug] [2023-11-14 16:11:53] the value in the status register is :1047712
[Debug] [2023-11-14 16:11:53] cmd operation Program releases locker
[Debug] [2023-11-14 16:12:11] Remove the header data from the client, index : 0
[Debug] [2023-11-14 16:12:11] _total_bytes_size : 101
[Debug] [2023-11-14 16:12:11] cmd id :20001cmd name : Open config cable
[Debug] [2023-11-14 16:12:11] the idcode from the scanning is: 0x10521899
[Debug] [2023-11-14 16:12:11] the idcode from the scanning is: 0x0
[Debug] [2023-11-14 16:12:11] the idcode from the scanning is: 0x0
[Debug] [2023-11-14 16:12:11] the idcode from the scanning is: 0x0
[Debug] [2023-11-14 16:12:11] the idcode from the scanning is: 0x0
[Debug] [2023-11-14 16:12:12] cmd operation Open config cable releases locker
[Debug] [2023-11-14 16:12:23] Remove the header data from the client, index : 0
[Debug] [2023-11-14 16:12:23] _total_bytes_size : 1f2
[Debug] [2023-11-14 16:12:23] cmd id :4e22cmd name : Program
[Debug] [2023-11-14 16:12:23] the idcode from the scanning is: 0x10521899
[Debug] [2023-11-14 16:12:23] the idcode from the scanning is: 0x0
[Debug] [2023-11-14 16:12:23] the idcode from the scanning is: 0x0
[Debug] [2023-11-14 16:12:23] the idcode from the scanning is: 0x0
[Debug] [2023-11-14 16:12:23] the idcode from the scanning is: 0x0
[Debug] [2023-11-14 16:12:23] begin to read back config registerregAddr is 4
[Debug] [2023-11-14 16:12:23] progress bar is 6
[Debug] [2023-11-14 16:12:23] progress bar is 10
[Debug] [2023-11-14 16:12:23] progress bar is 15
[Debug] [2023-11-14 16:12:23] progress bar is 20
[Debug] [2023-11-14 16:12:23] progress bar is 25
[Debug] [2023-11-14 16:12:24] progress bar is 30
[Debug] [2023-11-14 16:12:24] progress bar is 35
[Debug] [2023-11-14 16:12:24] progress bar is 40
[Debug] [2023-11-14 16:12:24] progress bar is 45
[Debug] [2023-11-14 16:12:24] progress bar is 50
[Debug] [2023-11-14 16:12:24] progress bar is 55
[Debug] [2023-11-14 16:12:24] progress bar is 60
[Debug] [2023-11-14 16:12:24] progress bar is 65
[Debug] [2023-11-14 16:12:24] progress bar is 70
[Debug] [2023-11-14 16:12:24] progress bar is 75
[Debug] [2023-11-14 16:12:24] progress bar is 80
[Debug] [2023-11-14 16:12:25] progress bar is 85
[Debug] [2023-11-14 16:12:25] progress bar is 90
[Debug] [2023-11-14 16:12:25] progress bar is 95
[Debug] [2023-11-14 16:12:25] progress bar is 100
[Debug] [2023-11-14 16:12:25] the value in the status register is :1047712
[Debug] [2023-11-14 16:12:25] cmd operation Program releases locker
[Info] [2023-11-14 23:33:27] /***************************Start jtagserver***************************/
[Info] [2023-11-14 23:33:27] Path: D:/pango/PDS_2022.1/bin
[Info] [2023-11-14 23:33:27] Version: 99559
[Debug] [2023-11-14 23:33:29] Add a new user_thread, socket descriptor is 1240 user_thread id is 0000000000003FCC
[Debug] [2023-11-14 23:33:29] After adding, map size is : 1
[Debug] [2023-11-14 23:33:29] Add a new user_thread, socket descriptor is 1256 user_thread id is 0000000000003FCC
[Debug] [2023-11-14 23:33:29] After adding, map size is : 2
[Debug] [2023-11-14 23:33:29] IP address of connecting client is : ::ffff:127.0.0.1
[Debug] [2023-11-14 23:33:29] IP address of connecting client is : ::ffff:127.0.0.1
[Debug] [2023-11-14 23:33:29] Remove the header data from the client, index : 0
[Debug] [2023-11-14 23:33:29] _total_bytes_size : 146
[Debug] [2023-11-14 23:33:29] Remove the header data from the client, index : 0
[Debug] [2023-11-14 23:33:29] _total_bytes_size : 96
[Debug] [2023-11-14 23:33:29] cmd id :40011cmd name : get_cable_paras
[Debug] [2023-11-14 23:33:31] cmd operation get_cable_paras releases locker
[Debug] [2023-11-14 23:33:31] Remove the header data from the client, index : 0
[Debug] [2023-11-14 23:33:31] _total_bytes_size : 101
[Debug] [2023-11-14 23:33:31] cmd id :20001cmd name : Open config cable
[Debug] [2023-11-14 23:33:32] the idcode from the scanning is: 0x10521899
[Debug] [2023-11-14 23:33:32] the idcode from the scanning is: 0x0
[Debug] [2023-11-14 23:33:32] the idcode from the scanning is: 0x0
[Debug] [2023-11-14 23:33:32] the idcode from the scanning is: 0x0
[Debug] [2023-11-14 23:33:32] the idcode from the scanning is: 0x0
[Debug] [2023-11-14 23:33:32] cmd operation Open config cable releases locker
[Debug] [2023-11-14 23:33:35] Remove the header data from the client, index : 0
[Debug] [2023-11-14 23:33:35] _total_bytes_size : 20e
[Debug] [2023-11-14 23:33:35] cmd id :4e22cmd name : Program
[Debug] [2023-11-14 23:33:35] the idcode from the scanning is: 0x10521899
[Debug] [2023-11-14 23:33:35] the idcode from the scanning is: 0x0
[Debug] [2023-11-14 23:33:35] the idcode from the scanning is: 0x0
[Debug] [2023-11-14 23:33:35] the idcode from the scanning is: 0x0
[Debug] [2023-11-14 23:33:35] the idcode from the scanning is: 0x0
[Debug] [2023-11-14 23:33:35] begin to read back config registerregAddr is 4
[Debug] [2023-11-14 23:33:35] progress bar is 6
[Debug] [2023-11-14 23:33:36] progress bar is 10
[Debug] [2023-11-14 23:33:36] progress bar is 15
[Debug] [2023-11-14 23:33:36] progress bar is 20
[Debug] [2023-11-14 23:33:36] progress bar is 25
[Debug] [2023-11-14 23:33:36] progress bar is 30
[Debug] [2023-11-14 23:33:36] progress bar is 35
[Debug] [2023-11-14 23:33:36] progress bar is 40
[Debug] [2023-11-14 23:33:36] progress bar is 45
[Debug] [2023-11-14 23:33:36] progress bar is 50
[Debug] [2023-11-14 23:33:36] progress bar is 55
[Debug] [2023-11-14 23:33:36] progress bar is 60
[Debug] [2023-11-14 23:33:37] progress bar is 65
[Debug] [2023-11-14 23:33:37] progress bar is 70
[Debug] [2023-11-14 23:33:37] progress bar is 75
[Debug] [2023-11-14 23:33:37] progress bar is 80
[Debug] [2023-11-14 23:33:37] progress bar is 85
[Debug] [2023-11-14 23:33:37] progress bar is 90
[Debug] [2023-11-14 23:33:37] progress bar is 95
[Debug] [2023-11-14 23:33:37] progress bar is 100
[Debug] [2023-11-14 23:33:37] the value in the status register is :1047712
[Debug] [2023-11-14 23:33:37] cmd operation Program releases locker
[Debug] [2023-11-14 23:36:43] Remove the header data from the client, index : 0
[Debug] [2023-11-14 23:36:43] _total_bytes_size : 526
[Debug] [2023-11-14 23:36:43] cmd id :20002cmd name : Program
[Debug] [2023-11-14 23:36:43] the idcode from the scanning is: 0x10521899
[Debug] [2023-11-14 23:36:43] the idcode from the scanning is: 0x0
[Debug] [2023-11-14 23:36:43] the idcode from the scanning is: 0x0
[Debug] [2023-11-14 23:36:43] the idcode from the scanning is: 0x0
[Debug] [2023-11-14 23:36:43] the idcode from the scanning is: 0x0
[Debug] [2023-11-14 23:36:43] begin to read back config registerregAddr is 4
[Debug] [2023-11-14 23:36:43] progress bar is 6
[Debug] [2023-11-14 23:36:43] progress bar is 10
[Debug] [2023-11-14 23:36:44] progress bar is 15
[Debug] [2023-11-14 23:36:44] progress bar is 20
[Debug] [2023-11-14 23:36:44] progress bar is 25
[Debug] [2023-11-14 23:36:44] progress bar is 30
[Debug] [2023-11-14 23:36:44] progress bar is 35
[Debug] [2023-11-14 23:36:44] progress bar is 40
[Debug] [2023-11-14 23:36:44] progress bar is 45
[Debug] [2023-11-14 23:36:44] progress bar is 50
[Debug] [2023-11-14 23:36:44] progress bar is 55
[Debug] [2023-11-14 23:36:44] progress bar is 60
[Debug] [2023-11-14 23:36:44] progress bar is 65
[Debug] [2023-11-14 23:36:44] progress bar is 70
[Debug] [2023-11-14 23:36:45] progress bar is 75
[Debug] [2023-11-14 23:36:45] progress bar is 80
[Debug] [2023-11-14 23:36:45] progress bar is 85
[Debug] [2023-11-14 23:36:45] progress bar is 90
[Debug] [2023-11-14 23:36:45] progress bar is 95
[Debug] [2023-11-14 23:36:45] progress bar is 100
[Debug] [2023-11-14 23:36:45] the value in the status register is :1047712
[Debug] [2023-11-14 23:36:45] cmd operation Program releases locker
[Debug] [2023-11-14 23:38:05] Remove the header data from the client, index : 0
[Debug] [2023-11-14 23:38:05] _total_bytes_size : 526
[Debug] [2023-11-14 23:38:05] cmd id :20002cmd name : Program
[Debug] [2023-11-14 23:38:06] the idcode from the scanning is: 0x10521899
[Debug] [2023-11-14 23:38:06] the idcode from the scanning is: 0x0
[Debug] [2023-11-14 23:38:06] the idcode from the scanning is: 0x0
[Debug] [2023-11-14 23:38:06] the idcode from the scanning is: 0x0
[Debug] [2023-11-14 23:38:06] the idcode from the scanning is: 0x0
[Debug] [2023-11-14 23:38:06] begin to read back config registerregAddr is 4
[Debug] [2023-11-14 23:38:06] progress bar is 6
[Debug] [2023-11-14 23:38:06] progress bar is 10
[Debug] [2023-11-14 23:38:06] progress bar is 15
[Debug] [2023-11-14 23:38:06] progress bar is 20
[Debug] [2023-11-14 23:38:06] progress bar is 25
[Debug] [2023-11-14 23:38:06] progress bar is 30
[Debug] [2023-11-14 23:38:06] progress bar is 35
[Debug] [2023-11-14 23:38:06] progress bar is 40
[Debug] [2023-11-14 23:38:06] progress bar is 45
[Debug] [2023-11-14 23:38:07] progress bar is 50
[Debug] [2023-11-14 23:38:07] progress bar is 55
[Debug] [2023-11-14 23:38:07] progress bar is 60
[Debug] [2023-11-14 23:38:07] progress bar is 65
[Debug] [2023-11-14 23:38:07] progress bar is 70
[Debug] [2023-11-14 23:38:07] progress bar is 75
[Debug] [2023-11-14 23:38:07] progress bar is 80
[Debug] [2023-11-14 23:38:07] progress bar is 85
[Debug] [2023-11-14 23:38:07] progress bar is 90
[Debug] [2023-11-14 23:38:07] progress bar is 95
[Debug] [2023-11-14 23:38:07] progress bar is 100
[Debug] [2023-11-14 23:38:07] the value in the status register is :1047712
[Debug] [2023-11-14 23:38:08] cmd operation Program releases locker
[Debug] [2023-11-14 23:39:38] Remove the header data from the client, index : 0
[Debug] [2023-11-14 23:39:38] _total_bytes_size : 526
[Debug] [2023-11-14 23:39:38] cmd id :20002cmd name : Program
[Debug] [2023-11-14 23:39:38] the idcode from the scanning is: 0x10521899
[Debug] [2023-11-14 23:39:38] the idcode from the scanning is: 0x0
[Debug] [2023-11-14 23:39:38] the idcode from the scanning is: 0x0
[Debug] [2023-11-14 23:39:38] the idcode from the scanning is: 0x0
[Debug] [2023-11-14 23:39:38] the idcode from the scanning is: 0x0
[Debug] [2023-11-14 23:39:38] begin to read back config registerregAddr is 4
[Debug] [2023-11-14 23:39:38] progress bar is 6
[Debug] [2023-11-14 23:39:39] progress bar is 10
[Debug] [2023-11-14 23:39:39] progress bar is 15
[Debug] [2023-11-14 23:39:39] progress bar is 20
[Debug] [2023-11-14 23:39:39] progress bar is 25
[Debug] [2023-11-14 23:39:39] progress bar is 30
[Debug] [2023-11-14 23:39:39] progress bar is 35
[Debug] [2023-11-14 23:39:39] progress bar is 40
[Debug] [2023-11-14 23:39:39] progress bar is 45
[Debug] [2023-11-14 23:39:39] progress bar is 50
[Debug] [2023-11-14 23:39:39] progress bar is 55
[Debug] [2023-11-14 23:39:39] progress bar is 60
[Debug] [2023-11-14 23:39:40] progress bar is 65
[Debug] [2023-11-14 23:39:40] progress bar is 70
[Debug] [2023-11-14 23:39:40] progress bar is 75
[Debug] [2023-11-14 23:39:40] progress bar is 80
[Debug] [2023-11-14 23:39:40] progress bar is 85
[Debug] [2023-11-14 23:39:40] progress bar is 90
[Debug] [2023-11-14 23:39:40] progress bar is 95
[Debug] [2023-11-14 23:39:40] progress bar is 100
[Debug] [2023-11-14 23:39:40] the value in the status register is :1047712
[Debug] [2023-11-14 23:39:40] cmd operation Program releases locker
[Info] [2023-11-14 23:51:19] /***************************Start jtagserver***************************/
[Info] [2023-11-14 23:51:19] Path: D:/pango/PDS_2022.1/bin
[Info] [2023-11-14 23:51:19] Version: 99559
[Debug] [2023-11-14 23:51:20] Add a new user_thread, socket descriptor is 1216 user_thread id is 0000000000002464
[Debug] [2023-11-14 23:51:20] After adding, map size is : 1
[Debug] [2023-11-14 23:51:20] Add a new user_thread, socket descriptor is 1176 user_thread id is 0000000000002464
[Debug] [2023-11-14 23:51:20] After adding, map size is : 2
[Debug] [2023-11-14 23:51:20] IP address of connecting client is : ::ffff:127.0.0.1
[Debug] [2023-11-14 23:51:20] IP address of connecting client is : ::ffff:127.0.0.1IP address of connecting client is : ::ffff:127.0.0.1
[Debug] [2023-11-14 23:51:20] Remove the header data from the client, index : 0
[Debug] [2023-11-14 23:51:20] _total_bytes_size : 146
[Debug] [2023-11-14 23:51:20] Remove the header data from the client, index : 0
[Debug] [2023-11-14 23:51:20] _total_bytes_size : 96
[Debug] [2023-11-14 23:51:20] cmd id :40011cmd name : get_cable_paras
[Debug] [2023-11-14 23:51:21] cmd operation get_cable_paras releases locker
[Debug] [2023-11-14 23:51:21] Remove the header data from the client, index : 0
[Debug] [2023-11-14 23:51:21] _total_bytes_size : 101
[Debug] [2023-11-14 23:51:21] cmd id :20001cmd name : Open config cable
[Debug] [2023-11-14 23:51:22] the idcode from the scanning is: 0x10521899
[Debug] [2023-11-14 23:51:22] the idcode from the scanning is: 0x0
[Debug] [2023-11-14 23:51:22] the idcode from the scanning is: 0x0
[Debug] [2023-11-14 23:51:22] the idcode from the scanning is: 0x0
[Debug] [2023-11-14 23:51:22] the idcode from the scanning is: 0x0
[Debug] [2023-11-14 23:51:22] cmd operation Open config cable releases locker
[Debug] [2023-11-14 23:51:26] Remove the header data from the client, index : 0
[Debug] [2023-11-14 23:51:26] _total_bytes_size : 20e
[Debug] [2023-11-14 23:51:26] cmd id :4e22cmd name : Program
[Debug] [2023-11-14 23:51:26] the idcode from the scanning is: 0x10521899
[Debug] [2023-11-14 23:51:26] the idcode from the scanning is: 0x0
[Debug] [2023-11-14 23:51:26] the idcode from the scanning is: 0x0
[Debug] [2023-11-14 23:51:26] the idcode from the scanning is: 0x0
[Debug] [2023-11-14 23:51:26] the idcode from the scanning is: 0x0
[Debug] [2023-11-14 23:51:26] begin to read back config registerregAddr is 4
[Debug] [2023-11-14 23:51:26] progress bar is 6
[Debug] [2023-11-14 23:51:26] progress bar is 10
[Debug] [2023-11-14 23:51:26] progress bar is 15
[Debug] [2023-11-14 23:51:26] progress bar is 20
[Debug] [2023-11-14 23:51:26] progress bar is 25
[Debug] [2023-11-14 23:51:26] progress bar is 30
[Debug] [2023-11-14 23:51:26] progress bar is 35
[Debug] [2023-11-14 23:51:27] progress bar is 40
[Debug] [2023-11-14 23:51:27] progress bar is 45
[Debug] [2023-11-14 23:51:27] progress bar is 50
[Debug] [2023-11-14 23:51:27] progress bar is 55
[Debug] [2023-11-14 23:51:27] progress bar is 60
[Debug] [2023-11-14 23:51:27] progress bar is 65
[Debug] [2023-11-14 23:51:27] progress bar is 70
[Debug] [2023-11-14 23:51:27] progress bar is 75
[Debug] [2023-11-14 23:51:27] progress bar is 80
[Debug] [2023-11-14 23:51:27] progress bar is 85
[Debug] [2023-11-14 23:51:27] progress bar is 90
[Debug] [2023-11-14 23:51:28] progress bar is 95
[Debug] [2023-11-14 23:51:28] progress bar is 100
[Debug] [2023-11-14 23:51:28] the value in the status register is :1047712
[Debug] [2023-11-14 23:51:28] cmd operation Program releases locker
